1     0000              MODULE demo_c
2     0000              LINE 0, "src/demo.c"
0     0000              
1     0000              ;--------------------------------------------------------
2     0000              ; File Created by SDCC : free open source ANSI-C Compiler
3     0000              ; Version 4.0.7 #12036 (MINGW64)
4     0000              ;--------------------------------------------------------
5     0000              ; Processed by Z88DK
6     0000              ;--------------------------------------------------------
7     0000              
8     0000              	EXTERN __divschar
9     0000              	EXTERN __divschar_callee
10    0000              	EXTERN __divsint
11    0000              	EXTERN __divsint_callee
12    0000              	EXTERN __divslong
13    0000              	EXTERN __divslong_callee
14    0000              	EXTERN __divslonglong
15    0000              	EXTERN __divslonglong_callee
16    0000              	EXTERN __divsuchar
17    0000              	EXTERN __divsuchar_callee
18    0000              	EXTERN __divuchar
19    0000              	EXTERN __divuchar_callee
20    0000              	EXTERN __divuint
21    0000              	EXTERN __divuint_callee
22    0000              	EXTERN __divulong
23    0000              	EXTERN __divulong_callee
24    0000              	EXTERN __divulonglong
25    0000              	EXTERN __divulonglong_callee
26    0000              	EXTERN __divuschar
27    0000              	EXTERN __divuschar_callee
28    0000              	EXTERN __modschar
29    0000              	EXTERN __modschar_callee
30    0000              	EXTERN __modsint
31    0000              	EXTERN __modsint_callee
32    0000              	EXTERN __modslong
33    0000              	EXTERN __modslong_callee
34    0000              	EXTERN __modslonglong
35    0000              	EXTERN __modslonglong_callee
36    0000              	EXTERN __modsuchar
37    0000              	EXTERN __modsuchar_callee
38    0000              	EXTERN __moduchar
39    0000              	EXTERN __moduchar_callee
40    0000              	EXTERN __moduint
41    0000              	EXTERN __moduint_callee
42    0000              	EXTERN __modulong
43    0000              	EXTERN __modulong_callee
44    0000              	EXTERN __modulonglong
45    0000              	EXTERN __modulonglong_callee
46    0000              	EXTERN __moduschar
47    0000              	EXTERN __moduschar_callee
48    0000              	EXTERN __mulint
49    0000              	EXTERN __mulint_callee
50    0000              	EXTERN __mullong
51    0000              	EXTERN __mullong_callee
52    0000              	EXTERN __mullonglong
53    0000              	EXTERN __mullonglong_callee
54    0000              	EXTERN __mulschar
55    0000              	EXTERN __mulschar_callee
56    0000              	EXTERN __mulsuchar
57    0000              	EXTERN __mulsuchar_callee
58    0000              	EXTERN __muluchar
59    0000              	EXTERN __muluchar_callee
60    0000              	EXTERN __muluschar
61    0000              	EXTERN __muluschar_callee
62    0000              	EXTERN __rlslonglong
63    0000              	EXTERN __rlslonglong_callee
64    0000              	EXTERN __rlulonglong
65    0000              	EXTERN __rlulonglong_callee
66    0000              	EXTERN __rrslonglong
67    0000              	EXTERN __rrslonglong_callee
68    0000              	EXTERN __rrulonglong
69    0000              	EXTERN __rrulonglong_callee
70    0000              	EXTERN ___sdcc_call_hl
71    0000              	EXTERN ___sdcc_call_iy
72    0000              	EXTERN ___sdcc_enter_ix
73    0000              	EXTERN banked_call
74    0000              	EXTERN _banked_ret
75    0000              	EXTERN ___fs2schar
76    0000              	EXTERN ___fs2schar_callee
77    0000              	EXTERN ___fs2sint
78    0000              	EXTERN ___fs2sint_callee
79    0000              	EXTERN ___fs2slong
80    0000              	EXTERN ___fs2slong_callee
81    0000              	EXTERN ___fs2slonglong
82    0000              	EXTERN ___fs2slonglong_callee
83    0000              	EXTERN ___fs2uchar
84    0000              	EXTERN ___fs2uchar_callee
85    0000              	EXTERN ___fs2uint
86    0000              	EXTERN ___fs2uint_callee
87    0000              	EXTERN ___fs2ulong
88    0000              	EXTERN ___fs2ulong_callee
89    0000              	EXTERN ___fs2ulonglong
90    0000              	EXTERN ___fs2ulonglong_callee
91    0000              	EXTERN ___fsadd
92    0000              	EXTERN ___fsadd_callee
93    0000              	EXTERN ___fsdiv
94    0000              	EXTERN ___fsdiv_callee
95    0000              	EXTERN ___fseq
96    0000              	EXTERN ___fseq_callee
97    0000              	EXTERN ___fsgt
98    0000              	EXTERN ___fsgt_callee
99    0000              	EXTERN ___fslt
100   0000              	EXTERN ___fslt_callee
101   0000              	EXTERN ___fsmul
102   0000              	EXTERN ___fsmul_callee
103   0000              	EXTERN ___fsneq
104   0000              	EXTERN ___fsneq_callee
105   0000              	EXTERN ___fssub
106   0000              	EXTERN ___fssub_callee
107   0000              	EXTERN ___schar2fs
108   0000              	EXTERN ___schar2fs_callee
109   0000              	EXTERN ___sint2fs
110   0000              	EXTERN ___sint2fs_callee
111   0000              	EXTERN ___slong2fs
112   0000              	EXTERN ___slong2fs_callee
113   0000              	EXTERN ___slonglong2fs
114   0000              	EXTERN ___slonglong2fs_callee
115   0000              	EXTERN ___uchar2fs
116   0000              	EXTERN ___uchar2fs_callee
117   0000              	EXTERN ___uint2fs
118   0000              	EXTERN ___uint2fs_callee
119   0000              	EXTERN ___ulong2fs
120   0000              	EXTERN ___ulong2fs_callee
121   0000              	EXTERN ___ulonglong2fs
122   0000              	EXTERN ___ulonglong2fs_callee
123   0000              	EXTERN ____sdcc_2_copy_src_mhl_dst_deix
124   0000              	EXTERN ____sdcc_2_copy_src_mhl_dst_bcix
125   0000              	EXTERN ____sdcc_4_copy_src_mhl_dst_deix
126   0000              	EXTERN ____sdcc_4_copy_src_mhl_dst_bcix
127   0000              	EXTERN ____sdcc_4_copy_src_mhl_dst_mbc
128   0000              	EXTERN ____sdcc_4_ldi_nosave_bc
129   0000              	EXTERN ____sdcc_4_ldi_save_bc
130   0000              	EXTERN ____sdcc_4_push_hlix
131   0000              	EXTERN ____sdcc_4_push_mhl
132   0000              	EXTERN ____sdcc_lib_setmem_hl
133   0000              	EXTERN ____sdcc_ll_add_de_bc_hl
134   0000              	EXTERN ____sdcc_ll_add_de_bc_hlix
135   0000              	EXTERN ____sdcc_ll_add_de_hlix_bc
136   0000              	EXTERN ____sdcc_ll_add_de_hlix_bcix
137   0000              	EXTERN ____sdcc_ll_add_deix_bc_hl
138   0000              	EXTERN ____sdcc_ll_add_deix_hlix
139   0000              	EXTERN ____sdcc_ll_add_hlix_bc_deix
140   0000              	EXTERN ____sdcc_ll_add_hlix_deix_bc
141   0000              	EXTERN ____sdcc_ll_add_hlix_deix_bcix
142   0000              	EXTERN ____sdcc_ll_asr_hlix_a
143   0000              	EXTERN ____sdcc_ll_asr_mbc_a
144   0000              	EXTERN ____sdcc_ll_copy_src_de_dst_hlix
145   0000              	EXTERN ____sdcc_ll_copy_src_de_dst_hlsp
146   0000              	EXTERN ____sdcc_ll_copy_src_deix_dst_hl
147   0000              	EXTERN ____sdcc_ll_copy_src_deix_dst_hlix
148   0000              	EXTERN ____sdcc_ll_copy_src_deixm_dst_hlsp
149   0000              	EXTERN ____sdcc_ll_copy_src_desp_dst_hlsp
150   0000              	EXTERN ____sdcc_ll_copy_src_hl_dst_de
151   0000              	EXTERN ____sdcc_ll_copy_src_hlsp_dst_de
152   0000              	EXTERN ____sdcc_ll_copy_src_hlsp_dst_deixm
153   0000              	EXTERN ____sdcc_ll_lsl_hlix_a
154   0000              	EXTERN ____sdcc_ll_lsl_mbc_a
155   0000              	EXTERN ____sdcc_ll_lsr_hlix_a
156   0000              	EXTERN ____sdcc_ll_lsr_mbc_a
157   0000              	EXTERN ____sdcc_ll_push_hlix
158   0000              	EXTERN ____sdcc_ll_push_mhl
159   0000              	EXTERN ____sdcc_ll_sub_de_bc_hl
160   0000              	EXTERN ____sdcc_ll_sub_de_bc_hlix
161   0000              	EXTERN ____sdcc_ll_sub_de_hlix_bc
162   0000              	EXTERN ____sdcc_ll_sub_de_hlix_bcix
163   0000              	EXTERN ____sdcc_ll_sub_deix_bc_hl
164   0000              	EXTERN ____sdcc_ll_sub_deix_hlix
165   0000              	EXTERN ____sdcc_ll_sub_hlix_bc_deix
166   0000              	EXTERN ____sdcc_ll_sub_hlix_deix_bc
167   0000              	EXTERN ____sdcc_ll_sub_hlix_deix_bcix
168   0000              	EXTERN ____sdcc_load_debc_deix
169   0000              	EXTERN ____sdcc_load_dehl_deix
170   0000              	EXTERN ____sdcc_load_debc_mhl
171   0000              	EXTERN ____sdcc_load_hlde_mhl
172   0000              	EXTERN ____sdcc_store_dehl_bcix
173   0000              	EXTERN ____sdcc_store_debc_hlix
174   0000              	EXTERN ____sdcc_store_debc_mhl
175   0000              	EXTERN ____sdcc_cpu_pop_ei
176   0000              	EXTERN ____sdcc_cpu_pop_ei_jp
177   0000              	EXTERN ____sdcc_cpu_push_di
178   0000              	EXTERN ____sdcc_outi
179   0000              	EXTERN ____sdcc_outi_128
180   0000              	EXTERN ____sdcc_outi_256
181   0000              	EXTERN ____sdcc_ldi
182   0000              	EXTERN ____sdcc_ldi_128
183   0000              	EXTERN ____sdcc_ldi_256
184   0000              	EXTERN ____sdcc_4_copy_srcd_hlix_dst_deix
185   0000              	EXTERN ____sdcc_4_and_src_mbc_mhl_dst_deix
186   0000              	EXTERN ____sdcc_4_or_src_mbc_mhl_dst_deix
187   0000              	EXTERN ____sdcc_4_xor_src_mbc_mhl_dst_deix
188   0000              	EXTERN ____sdcc_4_or_src_dehl_dst_bcix
189   0000              	EXTERN ____sdcc_4_xor_src_dehl_dst_bcix
190   0000              	EXTERN ____sdcc_4_and_src_dehl_dst_bcix
191   0000              	EXTERN ____sdcc_4_xor_src_mbc_mhl_dst_debc
192   0000              	EXTERN ____sdcc_4_or_src_mbc_mhl_dst_debc
193   0000              	EXTERN ____sdcc_4_and_src_mbc_mhl_dst_debc
194   0000              	EXTERN ____sdcc_4_cpl_src_mhl_dst_debc
195   0000              	EXTERN ____sdcc_4_xor_src_debc_mhl_dst_debc
196   0000              	EXTERN ____sdcc_4_or_src_debc_mhl_dst_debc
197   0000              	EXTERN ____sdcc_4_and_src_debc_mhl_dst_debc
198   0000              	EXTERN ____sdcc_4_and_src_debc_hlix_dst_debc
199   0000              	EXTERN ____sdcc_4_or_src_debc_hlix_dst_debc
200   0000              	EXTERN ____sdcc_4_xor_src_debc_hlix_dst_debc
201   0000              
202   0000              ;--------------------------------------------------------
203   0000              ; Public variables in this module
204   0000              ;--------------------------------------------------------
205   0000              	GLOBAL _main
206   0000              	GLOBAL _colourSpr
207   0000              	GLOBAL _hash
208   0000              	GLOBAL _sprtbl
209   0000              	GLOBAL _cr
210   0000              	GLOBAL _boxSpriteState
211   0000              	GLOBAL _boxPhase3
212   0000              	GLOBAL _boxPhase2
213   0000              	GLOBAL _boxPhase1
214   0000              	GLOBAL _boxPhase0
215   0000              	GLOBAL _boxPhase
216   0000              	GLOBAL _cmask
217   0000              	GLOBAL _colour
218   0000              ;--------------------------------------------------------
219   0000              ; Externals used
220   0000              ;--------------------------------------------------------
221   0000              	GLOBAL _intrinsic_swap_word_32_fastcall
222   0000              	GLOBAL _intrinsic_swap_word_32
223   0000              	GLOBAL _intrinsic_swap_endian_32_fastcall
224   0000              	GLOBAL _intrinsic_swap_endian_32
225   0000              	GLOBAL _intrinsic_swap_endian_16_fastcall
226   0000              	GLOBAL _intrinsic_swap_endian_16
227   0000              	GLOBAL _intrinsic_return_de
228   0000              	GLOBAL _intrinsic_return_bc
229   0000              	GLOBAL _intrinsic_exx
230   0000              	GLOBAL _intrinsic_ex_de_hl
231   0000              	GLOBAL _intrinsic_nop
232   0000              	GLOBAL _intrinsic_im_2
233   0000              	GLOBAL _intrinsic_im_1
234   0000              	GLOBAL _intrinsic_im_0
235   0000              	GLOBAL _intrinsic_retn
236   0000              	GLOBAL _intrinsic_reti
237   0000              	GLOBAL _intrinsic_halt
238   0000              	GLOBAL _intrinsic_ei
239   0000              	GLOBAL _intrinsic_di
240   0000              	GLOBAL _intrinsic_stub
241   0000              	GLOBAL _intrinsic_ini
242   0000              	GLOBAL _intrinsic_outi
243   0000              	GLOBAL _intrinsic_ldi
244   0000              	GLOBAL _sp1_Validate_fastcall
245   0000              	GLOBAL _sp1_Validate
246   0000              	GLOBAL _sp1_Invalidate_fastcall
247   0000              	GLOBAL _sp1_Invalidate
248   0000              	GLOBAL _sp1_RestoreUpdateStruct_fastcall
249   0000              	GLOBAL _sp1_RestoreUpdateStruct
250   0000              	GLOBAL _sp1_RemoveUpdateStruct_fastcall
251   0000              	GLOBAL _sp1_RemoveUpdateStruct
252   0000              	GLOBAL _sp1_DrawUpdateStructAlways_fastcall
253   0000              	GLOBAL _sp1_DrawUpdateStructAlways
254   0000              	GLOBAL _sp1_DrawUpdateStructIfNotRem_fastcall
255   0000              	GLOBAL _sp1_DrawUpdateStructIfNotRem
256   0000              	GLOBAL _sp1_DrawUpdateStructIfVal_fastcall
257   0000              	GLOBAL _sp1_DrawUpdateStructIfVal
258   0000              	GLOBAL _sp1_DrawUpdateStructIfInv_fastcall
259   0000              	GLOBAL _sp1_DrawUpdateStructIfInv
260   0000              	GLOBAL _sp1_ValUpdateStruct_fastcall
261   0000              	GLOBAL _sp1_ValUpdateStruct
262   0000              	GLOBAL _sp1_InvUpdateStruct_fastcall
263   0000              	GLOBAL _sp1_InvUpdateStruct
264   0000              	GLOBAL _sp1_IterateUpdateRect_callee
265   0000              	GLOBAL _sp1_IterateUpdateRect
266   0000              	GLOBAL _sp1_IterateUpdateArr_callee
267   0000              	GLOBAL _sp1_IterateUpdateArr
268   0000              	GLOBAL _sp1_GetUpdateStruct_callee
269   0000              	GLOBAL _sp1_GetUpdateStruct
270   0000              	GLOBAL _sp1_UpdateNow
271   0000              	GLOBAL _sp1_Initialize_callee
272   0000              	GLOBAL _sp1_Initialize
273   0000              	GLOBAL _sp1_ClearRectInv_callee
274   0000              	GLOBAL _sp1_ClearRectInv
275   0000              	GLOBAL _sp1_ClearRect_callee
276   0000              	GLOBAL _sp1_ClearRect
277   0000              	GLOBAL _sp1_PutTilesInv_callee
278   0000              	GLOBAL _sp1_PutTilesInv
279   0000              	GLOBAL _sp1_PutTiles_callee
280   0000              	GLOBAL _sp1_PutTiles
281   0000              	GLOBAL _sp1_GetTiles_callee
282   0000              	GLOBAL _sp1_GetTiles
283   0000              	GLOBAL _sp1_SetPrintPos_callee
284   0000              	GLOBAL _sp1_SetPrintPos
285   0000              	GLOBAL _sp1_PrintString_callee
286   0000              	GLOBAL _sp1_PrintString
287   0000              	GLOBAL _sp1_ScreenAttr_callee
288   0000              	GLOBAL _sp1_ScreenAttr
289   0000              	GLOBAL _sp1_ScreenStr_callee
290   0000              	GLOBAL _sp1_ScreenStr
291   0000              	GLOBAL _sp1_PrintAtInv_callee
292   0000              	GLOBAL _sp1_PrintAtInv
293   0000              	GLOBAL _sp1_PrintAt_callee
294   0000              	GLOBAL _sp1_PrintAt
295   0000              	GLOBAL _sp1_TileEntry_callee
296   0000              	GLOBAL _sp1_TileEntry
297   0000              	GLOBAL _sp1_RemoveCharStruct_fastcall
298   0000              	GLOBAL _sp1_RemoveCharStruct
299   0000              	GLOBAL _sp1_InsertCharStruct_callee
300   0000              	GLOBAL _sp1_InsertCharStruct
301   0000              	GLOBAL _sp1_InitCharStruct_callee
302   0000              	GLOBAL _sp1_InitCharStruct
303   0000              	GLOBAL _sp1_PreShiftSpr_callee
304   0000              	GLOBAL _sp1_PreShiftSpr
305   0000              	GLOBAL _sp1_GetSprClr_callee
306   0000              	GLOBAL _sp1_GetSprClr
307   0000              	GLOBAL _sp1_PutSprClr_callee
308   0000              	GLOBAL _sp1_PutSprClr
309   0000              	GLOBAL _sp1_GetSprClrAddr_callee
310   0000              	GLOBAL _sp1_GetSprClrAddr
311   0000              	GLOBAL _sp1_IterateUpdateSpr_callee
312   0000              	GLOBAL _sp1_IterateUpdateSpr
313   0000              	GLOBAL _sp1_IterateSprChar_callee
314   0000              	GLOBAL _sp1_IterateSprChar
315   0000              	GLOBAL _sp1_MoveSprPix_callee
316   0000              	GLOBAL _sp1_MoveSprPix
317   0000              	GLOBAL _sp1_MoveSprRel_callee
318   0000              	GLOBAL _sp1_MoveSprRel
319   0000              	GLOBAL _sp1_MoveSprAbs_callee
320   0000              	GLOBAL _sp1_MoveSprAbs
321   0000              	GLOBAL _sp1_DeleteSpr_fastcall
322   0000              	GLOBAL _sp1_DeleteSpr
323   0000              	GLOBAL _sp1_ChangeSprType_callee
324   0000              	GLOBAL _sp1_ChangeSprType
325   0000              	GLOBAL _sp1_AddColSpr_callee
326   0000              	GLOBAL _sp1_AddColSpr
327   0000              	GLOBAL _sp1_CreateSpr_callee
328   0000              	GLOBAL _sp1_CreateSpr
329   0000              	GLOBAL _SP1_DRAW_ATTR
330   0000              	GLOBAL _SP1_DRAW_LOAD1RBIM
331   0000              	GLOBAL _SP1_DRAW_LOAD1LBIM
332   0000              	GLOBAL _SP1_DRAW_XOR1RB
333   0000              	GLOBAL _SP1_DRAW_XOR1LB
334   0000              	GLOBAL _SP1_DRAW_XOR1NR
335   0000              	GLOBAL _SP1_DRAW_XOR1
336   0000              	GLOBAL _SP1_DRAW_OR1RB
337   0000              	GLOBAL _SP1_DRAW_OR1LB
338   0000              	GLOBAL _SP1_DRAW_OR1NR
339   0000              	GLOBAL _SP1_DRAW_OR1
340   0000              	GLOBAL _SP1_DRAW_LOAD1RB
341   0000              	GLOBAL _SP1_DRAW_LOAD1LB
342   0000              	GLOBAL _SP1_DRAW_LOAD1NR
343   0000              	GLOBAL _SP1_DRAW_LOAD1
344   0000              	GLOBAL _SP1_DRAW_LOAD2RBIM
345   0000              	GLOBAL _SP1_DRAW_LOAD2LBIM
346   0000              	GLOBAL _SP1_DRAW_XOR2RB
347   0000              	GLOBAL _SP1_DRAW_XOR2LB
348   0000              	GLOBAL _SP1_DRAW_XOR2NR
349   0000              	GLOBAL _SP1_DRAW_XOR2
350   0000              	GLOBAL _SP1_DRAW_OR2RB
351   0000              	GLOBAL _SP1_DRAW_OR2LB
352   0000              	GLOBAL _SP1_DRAW_OR2NR
353   0000              	GLOBAL _SP1_DRAW_OR2
354   0000              	GLOBAL _SP1_DRAW_LOAD2RB
355   0000              	GLOBAL _SP1_DRAW_LOAD2LB
356   0000              	GLOBAL _SP1_DRAW_LOAD2NR
357   0000              	GLOBAL _SP1_DRAW_LOAD2
358   0000              	GLOBAL _SP1_DRAW_MASK2RB
359   0000              	GLOBAL _SP1_DRAW_MASK2LB
360   0000              	GLOBAL _SP1_DRAW_MASK2NR
361   0000              	GLOBAL _SP1_DRAW_MASK2
362   0000              	GLOBAL _zx_pattern_fill_callee
363   0000              	GLOBAL _zx_pattern_fill
364   0000              	GLOBAL _zx_saddrpup_fastcall
365   0000              	GLOBAL _zx_saddrpup
366   0000              	GLOBAL _zx_saddrpright_callee
367   0000              	GLOBAL _zx_saddrpright
368   0000              	GLOBAL _zx_saddrpleft_callee
369   0000              	GLOBAL _zx_saddrpleft
370   0000              	GLOBAL _zx_saddrpdown_fastcall
371   0000              	GLOBAL _zx_saddrpdown
372   0000              	GLOBAL _zx_saddrcup_fastcall
373   0000              	GLOBAL _zx_saddrcup
374   0000              	GLOBAL _zx_saddrcright_fastcall
375   0000              	GLOBAL _zx_saddrcright
376   0000              	GLOBAL _zx_saddrcleft_fastcall
377   0000              	GLOBAL _zx_saddrcleft
378   0000              	GLOBAL _zx_saddrcdown_fastcall
379   0000              	GLOBAL _zx_saddrcdown
380   0000              	GLOBAL _zx_saddr2py_fastcall
381   0000              	GLOBAL _zx_saddr2py
382   0000              	GLOBAL _zx_saddr2px_fastcall
383   0000              	GLOBAL _zx_saddr2px
384   0000              	GLOBAL _zx_saddr2cy_fastcall
385   0000              	GLOBAL _zx_saddr2cy
386   0000              	GLOBAL _zx_saddr2cx_fastcall
387   0000              	GLOBAL _zx_saddr2cx
388   0000              	GLOBAL _zx_saddr2aaddr_fastcall
389   0000              	GLOBAL _zx_saddr2aaddr
390   0000              	GLOBAL _zx_py2saddr_fastcall
391   0000              	GLOBAL _zx_py2saddr
392   0000              	GLOBAL _zx_py2aaddr_fastcall
393   0000              	GLOBAL _zx_py2aaddr
394   0000              	GLOBAL _zx_pxy2saddr_callee
395   0000              	GLOBAL _zx_pxy2saddr
396   0000              	GLOBAL _zx_pxy2aaddr_callee
397   0000              	GLOBAL _zx_pxy2aaddr
398   0000              	GLOBAL _zx_px2bitmask_fastcall
399   0000              	GLOBAL _zx_px2bitmask
400   0000              	GLOBAL _zx_cy2saddr_fastcall
401   0000              	GLOBAL _zx_cy2saddr
402   0000              	GLOBAL _zx_cy2aaddr_fastcall
403   0000              	GLOBAL _zx_cy2aaddr
404   0000              	GLOBAL _zx_cxy2saddr_callee
405   0000              	GLOBAL _zx_cxy2saddr
406   0000              	GLOBAL _zx_cxy2aaddr_callee
407   0000              	GLOBAL _zx_cxy2aaddr
408   0000              	GLOBAL _zx_bitmask2px_fastcall
409   0000              	GLOBAL _zx_bitmask2px
410   0000              	GLOBAL _zx_aaddrcup_fastcall
411   0000              	GLOBAL _zx_aaddrcup
412   0000              	GLOBAL _zx_aaddrcright_fastcall
413   0000              	GLOBAL _zx_aaddrcright
414   0000              	GLOBAL _zx_aaddrcleft_fastcall
415   0000              	GLOBAL _zx_aaddrcleft
416   0000              	GLOBAL _zx_aaddrcdown_fastcall
417   0000              	GLOBAL _zx_aaddrcdown
418   0000              	GLOBAL _zx_aaddr2saddr_fastcall
419   0000              	GLOBAL _zx_aaddr2saddr
420   0000              	GLOBAL _zx_aaddr2py_fastcall
421   0000              	GLOBAL _zx_aaddr2py
422   0000              	GLOBAL _zx_aaddr2px_fastcall
423   0000              	GLOBAL _zx_aaddr2px
424   0000              	GLOBAL _zx_aaddr2cy_fastcall
425   0000              	GLOBAL _zx_aaddr2cy
426   0000              	GLOBAL _zx_aaddr2cx_fastcall
427   0000              	GLOBAL _zx_aaddr2cx
428   0000              	GLOBAL _zx_visit_wc_pix_callee
429   0000              	GLOBAL _zx_visit_wc_pix
430   0000              	GLOBAL _zx_visit_wc_attr_callee
431   0000              	GLOBAL _zx_visit_wc_attr
432   0000              	GLOBAL _zx_scroll_wc_up_pix_callee
433   0000              	GLOBAL _zx_scroll_wc_up_pix
434   0000              	GLOBAL _zx_scroll_wc_up_attr_callee
435   0000              	GLOBAL _zx_scroll_wc_up_attr
436   0000              	GLOBAL _zx_scroll_wc_up_callee
437   0000              	GLOBAL _zx_scroll_wc_up
438   0000              	GLOBAL _zx_scroll_up_pix_callee
439   0000              	GLOBAL _zx_scroll_up_pix
440   0000              	GLOBAL _zx_scroll_up_attr_callee
441   0000              	GLOBAL _zx_scroll_up_attr
442   0000              	GLOBAL _zx_scroll_up_callee
443   0000              	GLOBAL _zx_scroll_up
444   0000              	GLOBAL _zx_cls_wc_pix_callee
445   0000              	GLOBAL _zx_cls_wc_pix
446   0000              	GLOBAL _zx_cls_wc_attr_callee
447   0000              	GLOBAL _zx_cls_wc_attr
448   0000              	GLOBAL _zx_cls_wc_callee
449   0000              	GLOBAL _zx_cls_wc
450   0000              	GLOBAL _zx_cls_pix_fastcall
451   0000              	GLOBAL _zx_cls_pix
452   0000              	GLOBAL _zx_cls_attr_fastcall
453   0000              	GLOBAL _zx_cls_attr
454   0000              	GLOBAL _zx_cls_fastcall
455   0000              	GLOBAL _zx_cls
456   0000              	GLOBAL _zx_border_fastcall
457   0000              	GLOBAL _zx_border
458   0000              	GLOBAL _zx_tape_verify_block_callee
459   0000              	GLOBAL _zx_tape_verify_block
460   0000              	GLOBAL _zx_tape_save_block_callee
461   0000              	GLOBAL _zx_tape_save_block
462   0000              	GLOBAL _zx_tape_load_block_callee
463   0000              	GLOBAL _zx_tape_load_block
464   0000              	GLOBAL _ulltoa_callee
465   0000              	GLOBAL _ulltoa
466   0000              	GLOBAL _strtoull_callee
467   0000              	GLOBAL _strtoull
468   0000              	GLOBAL _strtoll_callee
469   0000              	GLOBAL _strtoll
470   0000              	GLOBAL _lltoa_callee
471   0000              	GLOBAL _lltoa
472   0000              	GLOBAL _llabs_callee
473   0000              	GLOBAL _llabs
474   0000              	GLOBAL __lldivu__callee
475   0000              	GLOBAL __lldivu_
476   0000              	GLOBAL __lldiv__callee
477   0000              	GLOBAL __lldiv_
478   0000              	GLOBAL _atoll_callee
479   0000              	GLOBAL _atoll
480   0000              	GLOBAL _realloc_unlocked_callee
481   0000              	GLOBAL _realloc_unlocked
482   0000              	GLOBAL _malloc_unlocked_fastcall
483   0000              	GLOBAL _malloc_unlocked
484   0000              	GLOBAL _free_unlocked_fastcall
485   0000              	GLOBAL _free_unlocked
486   0000              	GLOBAL _calloc_unlocked_callee
487   0000              	GLOBAL _calloc_unlocked
488   0000              	GLOBAL _aligned_alloc_unlocked_callee
489   0000              	GLOBAL _aligned_alloc_unlocked
490   0000              	GLOBAL _realloc_callee
491   0000              	GLOBAL _realloc
492   0000              	GLOBAL _malloc_fastcall
493   0000              	GLOBAL _malloc
494   0000              	GLOBAL _free_fastcall
495   0000              	GLOBAL _free
496   0000              	GLOBAL _calloc_callee
497   0000              	GLOBAL _calloc
498   0000              	GLOBAL _aligned_alloc_callee
499   0000              	GLOBAL _aligned_alloc
500   0000              	GLOBAL _utoa_callee
501   0000              	GLOBAL _utoa
502   0000              	GLOBAL _ultoa_callee
503   0000              	GLOBAL _ultoa
504   0000              	GLOBAL _system_fastcall
505   0000              	GLOBAL _system
506   0000              	GLOBAL _strtoul_callee
507   0000              	GLOBAL _strtoul
508   0000              	GLOBAL _strtol_callee
509   0000              	GLOBAL _strtol
510   0000              	GLOBAL _strtof_callee
511   0000              	GLOBAL _strtof
512   0000              	GLOBAL _strtod_callee
513   0000              	GLOBAL _strtod
514   0000              	GLOBAL _srand_fastcall
515   0000              	GLOBAL _srand
516   0000              	GLOBAL _rand
517   0000              	GLOBAL _quick_exit_fastcall
518   0000              	GLOBAL _quick_exit
519   0000              	GLOBAL _qsort_callee
520   0000              	GLOBAL _qsort
521   0000              	GLOBAL _ltoa_callee
522   0000              	GLOBAL _ltoa
523   0000              	GLOBAL _labs_fastcall
524   0000              	GLOBAL _labs
525   0000              	GLOBAL _itoa_callee
526   0000              	GLOBAL _itoa
527   0000              	GLOBAL _ftoh_callee
528   0000              	GLOBAL _ftoh
529   0000              	GLOBAL _ftog_callee
530   0000              	GLOBAL _ftog
531   0000              	GLOBAL _ftoe_callee
532   0000              	GLOBAL _ftoe
533   0000              	GLOBAL _ftoa_callee
534   0000              	GLOBAL _ftoa
535   0000              	GLOBAL _exit_fastcall
536   0000              	GLOBAL _exit
537   0000              	GLOBAL _dtoh_callee
538   0000              	GLOBAL _dtoh
539   0000              	GLOBAL _dtog_callee
540   0000              	GLOBAL _dtog
541   0000              	GLOBAL _dtoe_callee
542   0000              	GLOBAL _dtoe
543   0000              	GLOBAL _dtoa_callee
544   0000              	GLOBAL _dtoa
545   0000              	GLOBAL _bsearch_callee
546   0000              	GLOBAL _bsearch
547   0000              	GLOBAL _atol_fastcall
548   0000              	GLOBAL _atol
549   0000              	GLOBAL _atoi_fastcall
550   0000              	GLOBAL _atoi
551   0000              	GLOBAL _atof_fastcall
552   0000              	GLOBAL _atof
553   0000              	GLOBAL _atexit_fastcall
554   0000              	GLOBAL _atexit
555   0000              	GLOBAL _at_quick_exit_fastcall
556   0000              	GLOBAL _at_quick_exit
557   0000              	GLOBAL _abs_fastcall
558   0000              	GLOBAL _abs
559   0000              	GLOBAL _abort
560   0000              	GLOBAL __strtou__callee
561   0000              	GLOBAL __strtou_
562   0000              	GLOBAL __strtoi__callee
563   0000              	GLOBAL __strtoi_
564   0000              	GLOBAL __random_uniform_xor_8__fastcall
565   0000              	GLOBAL __random_uniform_xor_8_
566   0000              	GLOBAL __random_uniform_xor_32__fastcall
567   0000              	GLOBAL __random_uniform_xor_32_
568   0000              	GLOBAL __random_uniform_cmwc_8__fastcall
569   0000              	GLOBAL __random_uniform_cmwc_8_
570   0000              	GLOBAL __shellsort__callee
571   0000              	GLOBAL __shellsort_
572   0000              	GLOBAL __quicksort__callee
573   0000              	GLOBAL __quicksort_
574   0000              	GLOBAL __insertion_sort__callee
575   0000              	GLOBAL __insertion_sort_
576   0000              	GLOBAL __ldivu__callee
577   0000              	GLOBAL __ldivu_
578   0000              	GLOBAL __ldiv__callee
579   0000              	GLOBAL __ldiv_
580   0000              	GLOBAL __divu__callee
581   0000              	GLOBAL __divu_
582   0000              	GLOBAL __div__callee
583   0000              	GLOBAL __div_
584   0000              	GLOBAL _bfx_57
585   0000              	GLOBAL _bfx_56
586   0000              	GLOBAL _bfx_55
587   0000              	GLOBAL _bfx_54
588   0000              	GLOBAL _bfx_53
589   0000              	GLOBAL _bfx_52
590   0000              	GLOBAL _bfx_51
591   0000              	GLOBAL _bfx_50
592   0000              	GLOBAL _bfx_49
593   0000              	GLOBAL _bfx_48
594   0000              	GLOBAL _bfx_47
595   0000              	GLOBAL _bfx_46
596   0000              	GLOBAL _bfx_45
597   0000              	GLOBAL _bfx_44
598   0000              	GLOBAL _bfx_43
599   0000              	GLOBAL _bfx_42
600   0000              	GLOBAL _bfx_41
601   0000              	GLOBAL _bfx_40
602   0000              	GLOBAL _bfx_39
603   0000              	GLOBAL _bfx_38
604   0000              	GLOBAL _bfx_37
605   0000              	GLOBAL _bfx_36
606   0000              	GLOBAL _bfx_35
607   0000              	GLOBAL _bfx_34
608   0000              	GLOBAL _bfx_33
609   0000              	GLOBAL _bfx_32
610   0000              	GLOBAL _bfx_31
611   0000              	GLOBAL _bfx_30
612   0000              	GLOBAL _bfx_29
613   0000              	GLOBAL _bfx_28
614   0000              	GLOBAL _bfx_27
615   0000              	GLOBAL _bfx_26
616   0000              	GLOBAL _bfx_25
617   0000              	GLOBAL _bfx_24
618   0000              	GLOBAL _bfx_23
619   0000              	GLOBAL _bfx_22
620   0000              	GLOBAL _bfx_21
621   0000              	GLOBAL _bfx_20
622   0000              	GLOBAL _bfx_19
623   0000              	GLOBAL _bfx_18
624   0000              	GLOBAL _bfx_17
625   0000              	GLOBAL _bfx_16
626   0000              	GLOBAL _bfx_15
627   0000              	GLOBAL _bfx_14
628   0000              	GLOBAL _bfx_13
629   0000              	GLOBAL _bfx_12
630   0000              	GLOBAL _bfx_11
631   0000              	GLOBAL _bfx_10
632   0000              	GLOBAL _bfx_9
633   0000              	GLOBAL _bfx_8
634   0000              	GLOBAL _bfx_7
635   0000              	GLOBAL _bfx_6
636   0000              	GLOBAL _bfx_5
637   0000              	GLOBAL _bfx_4
638   0000              	GLOBAL _bfx_3
639   0000              	GLOBAL _bfx_2
640   0000              	GLOBAL _bfx_1
641   0000              	GLOBAL _bfx_0
642   0000              	GLOBAL _bitfx_31
643   0000              	GLOBAL _bitfx_30
644   0000              	GLOBAL _bitfx_29
645   0000              	GLOBAL _bitfx_28
646   0000              	GLOBAL _bitfx_27
647   0000              	GLOBAL _bitfx_26
648   0000              	GLOBAL _bitfx_25
649   0000              	GLOBAL _bitfx_24
650   0000              	GLOBAL _bitfx_23
651   0000              	GLOBAL _bitfx_22
652   0000              	GLOBAL _bitfx_21
653   0000              	GLOBAL _bitfx_20
654   0000              	GLOBAL _bitfx_19
655   0000              	GLOBAL _bitfx_18
656   0000              	GLOBAL _bitfx_17
657   0000              	GLOBAL _bitfx_16
658   0000              	GLOBAL _bitfx_15
659   0000              	GLOBAL _bitfx_14
660   0000              	GLOBAL _bitfx_13
661   0000              	GLOBAL _bitfx_12
662   0000              	GLOBAL _bitfx_11
663   0000              	GLOBAL _bitfx_10
664   0000              	GLOBAL _bitfx_9
665   0000              	GLOBAL _bitfx_8
666   0000              	GLOBAL _bitfx_7
667   0000              	GLOBAL _bitfx_6
668   0000              	GLOBAL _bitfx_5
669   0000              	GLOBAL _bitfx_4
670   0000              	GLOBAL _bitfx_3
671   0000              	GLOBAL _bitfx_2
672   0000              	GLOBAL _bitfx_1
673   0000              	GLOBAL _bitfx_0
674   0000              	GLOBAL _bit_synth_di_callee
675   0000              	GLOBAL _bit_synth_di
676   0000              	GLOBAL _bit_play_tritone_di_fastcall
677   0000              	GLOBAL _bit_play_tritone_di
678   0000              	GLOBAL _bit_play_di_fastcall
679   0000              	GLOBAL _bit_play_di
680   0000              	GLOBAL _bit_beepfx_di_fastcall
681   0000              	GLOBAL _bit_beepfx_di
682   0000              	GLOBAL _bit_fx_di_fastcall
683   0000              	GLOBAL _bit_fx_di
684   0000              	GLOBAL _bit_click_di
685   0000              	GLOBAL _bit_beep_raw_di_callee
686   0000              	GLOBAL _bit_beep_raw_di
687   0000              	GLOBAL _bit_beep_di_callee
688   0000              	GLOBAL _bit_beep_di
689   0000              	GLOBAL _bit_synth_callee
690   0000              	GLOBAL _bit_synth
691   0000              	GLOBAL _bit_play_tritone_fastcall
692   0000              	GLOBAL _bit_play_tritone
693   0000              	GLOBAL _bit_play_fastcall
694   0000              	GLOBAL _bit_play
695   0000              	GLOBAL _bit_beepfx_fastcall
696   0000              	GLOBAL _bit_beepfx
697   0000              	GLOBAL _bit_fx_fastcall
698   0000              	GLOBAL _bit_fx
699   0000              	GLOBAL _bit_click
700   0000              	GLOBAL _bit_beep_raw_callee
701   0000              	GLOBAL _bit_beep_raw
702   0000              	GLOBAL _bit_beep_callee
703   0000              	GLOBAL _bit_beep
704   0000              	GLOBAL _in_mouse_kempston_wheel_delta
705   0000              	GLOBAL _in_mouse_kempston_wheel
706   0000              	GLOBAL _in_mouse_kempston_callee
707   0000              	GLOBAL _in_mouse_kempston
708   0000              	GLOBAL _in_mouse_kempston_setpos_callee
709   0000              	GLOBAL _in_mouse_kempston_setpos
710   0000              	GLOBAL _in_mouse_kempston_reset
711   0000              	GLOBAL _in_mouse_kempston_init
712   0000              	GLOBAL _in_mouse_amx_wheel_delta
713   0000              	GLOBAL _in_mouse_amx_wheel
714   0000              	GLOBAL _in_mouse_amx_callee
715   0000              	GLOBAL _in_mouse_amx
716   0000              	GLOBAL _in_mouse_amx_setpos_callee
717   0000              	GLOBAL _in_mouse_amx_setpos
718   0000              	GLOBAL _in_mouse_amx_reset
719   0000              	GLOBAL _in_mouse_amx_init_callee
720   0000              	GLOBAL _in_mouse_amx_init
721   0000              	GLOBAL _in_stick_sinclair2
722   0000              	GLOBAL _in_stick_sinclair1
723   0000              	GLOBAL _in_stick_kempston
724   0000              	GLOBAL _in_stick_fuller
725   0000              	GLOBAL _in_stick_cursor
726   0000              	GLOBAL _in_stick_keyboard_fastcall
727   0000              	GLOBAL _in_stick_keyboard
728   0000              	GLOBAL _in_wait_nokey
729   0000              	GLOBAL _in_wait_key
730   0000              	GLOBAL _in_test_key
731   0000              	GLOBAL _in_pause_fastcall
732   0000              	GLOBAL _in_pause
733   0000              	GLOBAL _in_key_scancode_fastcall
734   0000              	GLOBAL _in_key_scancode
735   0000              	GLOBAL _in_key_pressed_fastcall
736   0000              	GLOBAL _in_key_pressed
737   0000              	GLOBAL _in_inkey
738   0000              	GLOBAL _sp1_struct_ss_prototype
739   0000              	GLOBAL _sp1_struct_cs_prototype
740   0000              	GLOBAL _GLOBAL_ZX_PORT_7FFD
741   0000              	GLOBAL _GLOBAL_ZX_PORT_1FFD
742   0000              	GLOBAL _GLOBAL_ZX_PORT_FE
743   0000              ;--------------------------------------------------------
744   0000              ; special function registers
745   0000              ;--------------------------------------------------------
746   0000              defc _IO_FE	=	0x00fe
747   0000              defc _IO_1FFD	=	0x1ffd
748   0000              defc _IO_7FFD	=	0x7ffd
749   0000              ;--------------------------------------------------------
750   0000              ; ram data
751   0000              ;--------------------------------------------------------
752   0000              	SECTION bss_compiler
753   0000              _colour:
754   0000  00          	DEFS 1
755   0001              _cmask:
756   0001  00          	DEFS 1
757   0002              _main_i_65536_525:
758   0002  00          	DEFS 1
759   0003              _main_j_65536_525:
760   0003  00          	DEFS 1
761   0004              _main_s_65536_525:
762   0004  00 00       	DEFS 2
763   0006              _main_se_65536_525:
764   0006  00 00       	DEFS 2
765   0008              ;--------------------------------------------------------
766   0008              ; ram data
767   0008              ;--------------------------------------------------------
768   0008              
769   0008              IF 0
770   0008              
771   0008              ; .area _INITIALIZED removed by z88dk
772   0008              
773   0008              _boxPhase:
774   0008              	DEFS 16
775   0008              _boxPhase0:
776   0008              	DEFS 96
777   0008              _boxPhase1:
778   0008              	DEFS 96
779   0008              _boxPhase2:
780   0008              	DEFS 96
781   0008              _boxPhase3:
782   0008              	DEFS 96
783   0008              _boxSpriteState:
784   0008              	DEFS 8
785   0008              _cr:
786   0008              	DEFS 4
787   0008              _sprtbl:
788   0008              	DEFS 5
789   0008              _hash:
790   0008              	DEFS 8
791   0008              
792   0008              ENDIF
793   0008              
794   0008              ;--------------------------------------------------------
795   0008              ; absolute external ram data
796   0008              ;--------------------------------------------------------
797   0008              	SECTION IGNORE
798   0000              ;--------------------------------------------------------
799   0000              ; global & static initialisations
800   0000              ;--------------------------------------------------------
801   0000              	SECTION code_crt_init
802   0000              ;--------------------------------------------------------
803   0000              ; Home
804   0000              ;--------------------------------------------------------
805   0000              	SECTION IGNORE
806   0000              ;--------------------------------------------------------
807   0000              ; code
808   0000              ;--------------------------------------------------------
809   0000              	SECTION code_compiler
810   0000              ;	---------------------------------
811   0000              ; Function colourSpr
812   0000              ; ---------------------------------
813   0000              _colourSpr:
814   0000  CD 00 00    	call	___sdcc_enter_ix
815   0003  DD 4E 06    	ld	c,(ix+6)
816   0006  DD 46 07    	ld	b,(ix+7)
817   0009  21 06 00    	ld	hl,0x0006
818   000C  09          	add	hl, bc
819   000D  EB          	ex	de, hl
820   000E  3A 01 00    	ld	a,(_cmask)
821   0011  12          	ld	(de), a
822   0012  21 07 00    	ld	hl,0x0007
823   0015  09          	add	hl, bc
824   0016  EB          	ex	de, hl
825   0017  3A 00 00    	ld	a,(_colour)
826   001A  12          	ld	(de), a
827   001B  DD E1       	pop	ix
828   001D  C9          	ret
829   001E              	SECTION code_compiler
830   001E              ;	---------------------------------
831   001E              ; Function main
832   001E              ; ---------------------------------
833   001E              _main:
834   001E  CD 00 00    	call	___sdcc_enter_ix
835   0021  F5          	push	af
836   0022  2E 00       	ld	l,0x00
837   0024  CD 00 00    	call	_zx_border_fastcall
838   0027  21 20 00    	ld	hl,0x0020
839   002A  E5          	push	hl
840   002B  2E 38       	ld	l,0x38
841   002D  E5          	push	hl
842   002E  2E 07       	ld	l,0x07
843   0030  E5          	push	hl
844   0031  CD 00 00    	call	_sp1_Initialize_callee
845   0034  21 A1 01    	ld	hl,_hash
846   0037  E5          	push	hl
847   0038  21 20 00    	ld	hl,0x0020
848   003B  E5          	push	hl
849   003C  CD 00 00    	call	_sp1_TileEntry_callee
850   003F  21 98 01    	ld	hl,_cr
851   0042  CD 00 00    	call	_sp1_Invalidate_fastcall
852   0045  CD 00 00    	call	_sp1_UpdateNow
853   0048  01 00 00    	ld	bc,_SP1_DRAW_MASK2LB
854   004B  21 00 00    	ld	hl,0x0000
855   004E  E5          	push	hl
856   004F  6C          	ld	l, h
857   0050  E5          	push	hl
858   0051  2E 03       	ld	l,0x03
859   0053  E5          	push	hl
860   0054  2E 40       	ld	l,0x40
861   0056  E5          	push	hl
862   0057  C5          	push	bc
863   0058  CD 00 00    	call	_sp1_CreateSpr_callee
864   005B  EB          	ex	de, hl
865   005C  ED 53 9C 01 	ld	(_sprtbl), de
866   0060  21 04 00    	ld	hl,_main_s_65536_525
867   0063  73          	ld	(hl), e
868   0064  23          	inc	hl
869   0065  72          	ld	(hl), d
870   0066  01 00 00    	ld	bc,_SP1_DRAW_MASK2
871   0069  21 00 00    	ld	hl,0x0000
872   006C  E5          	push	hl
873   006D  2E 30       	ld	l,0x30
874   006F  E5          	push	hl
875   0070  6C          	ld	l, h
876   0071  E5          	push	hl
877   0072  C5          	push	bc
878   0073  2A 04 00    	ld	hl, (_main_s_65536_525)
879   0076  E5          	push	hl
880   0077  CD 00 00    	call	_sp1_AddColSpr_callee
881   007A  01 00 00    	ld	bc,_SP1_DRAW_MASK2RB
882   007D  21 00 00    	ld	hl,0x0000
883   0080  E5          	push	hl
884   0081  6C          	ld	l, h
885   0082  E5          	push	hl
886   0083  6C          	ld	l, h
887   0084  E5          	push	hl
888   0085  C5          	push	bc
889   0086  2A 04 00    	ld	hl, (_main_s_65536_525)
890   0089  E5          	push	hl
891   008A  CD 00 00    	call	_sp1_AddColSpr_callee
892   008D  21 00 00    	ld	hl,_colour
893   0090  36 28       	ld	(hl),0x28
894   0092  21 01 00    	ld	hl,_cmask
895   0095  36 C0       	ld	(hl),0xc0
896   0097  01 00 00    	ld	bc,_colourSpr
897   009A  C5          	push	bc
898   009B  2A 04 00    	ld	hl, (_main_s_65536_525)
899   009E  E5          	push	hl
900   009F  CD 00 00    	call	_sp1_IterateSprChar_callee
901   00A2  ED 4B 90 01 	ld	bc, (_boxSpriteState + 0)
902   00A6  2A 9C 01    	ld	hl, (_sprtbl + 0)
903   00A9  11 04 00    	ld	de,0x0004
904   00AC  D5          	push	de
905   00AD  11 00 00    	ld	de,0x0000
906   00B0  D5          	push	de
907   00B1  11 08 00    	ld	de,0x0008
908   00B4  D5          	push	de
909   00B5  11 04 00    	ld	de,0x0004
910   00B8  D5          	push	de
911   00B9  C5          	push	bc
912   00BA  11 98 01    	ld	de,_cr
913   00BD  D5          	push	de
914   00BE  E5          	push	hl
915   00BF  CD 00 00    	call	_sp1_MoveSprAbs_callee
916   00C2  21 A0 01    	ld	hl, +(_sprtbl + 0x0004)
917   00C5  36 00       	ld	(hl),0x00
918   00C7              l_main_00106:
919   00C7  CD 00 00    	call	_sp1_UpdateNow
920   00CA  3A 9E 01    	ld	a, ((_sprtbl + 0x0002) + 0)
921   00CD  4F          	ld	c, a
922   00CE  06 00       	ld	b,0x00
923   00D0  3A 9F 01    	ld	a, ((_sprtbl + 0x0003) + 0)
924   00D3  DD 77 FE    	ld	(ix-2),a
925   00D6  AF          	xor	a, a
926   00D7  DD 77 FF    	ld	(ix-1),a
927   00DA  3A A0 01    	ld	a, ((_sprtbl + 0x0004) + 0)
928   00DD  5F          	ld	e, a
929   00DE  16 00       	ld	d,0x00
930   00E0  C5          	push	bc
931   00E1  21 0A 00    	ld	hl,0x000a
932   00E4  E5          	push	hl
933   00E5  D5          	push	de
934   00E6  CD 00 00    	call	__divsint_callee
935   00E9  EB          	ex	de, hl
936   00EA  C1          	pop	bc
937   00EB  EB          	ex	de, hl
938   00EC  29          	add	hl, hl
939   00ED  11 90 01    	ld	de,_boxSpriteState
940   00F0  19          	add	hl, de
941   00F1  5E          	ld	e, (hl)
942   00F2  23          	inc	hl
943   00F3  56          	ld	d, (hl)
944   00F4  2A 9C 01    	ld	hl, (_sprtbl + 0)
945   00F7  C5          	push	bc
946   00F8  DD 4E FE    	ld	c,(ix-2)
947   00FB  DD 46 FF    	ld	b,(ix-1)
948   00FE  C5          	push	bc
949   00FF  01 00 00    	ld	bc,0x0000
950   0102  C5          	push	bc
951   0103  01 00 00    	ld	bc,0x0000
952   0106  C5          	push	bc
953   0107  D5          	push	de
954   0108  11 98 01    	ld	de,_cr
955   010B  D5          	push	de
956   010C  E5          	push	hl
957   010D  CD 00 00    	call	_sp1_MoveSprRel_callee
958   0110  21 A0 01    	ld	hl, +(_sprtbl + 0x0004) + 0
959   0113  4E          	ld	c, (hl)
960   0114  3E 27       	ld	a,0x27
961   0116  91          	sub	a, c
962   0117  30 05       	jr	NC,l_main_00110
963   0119  01 00 00    	ld	bc,0x0000
964   011C  18 05       	jr	l_main_00111
965   011E              l_main_00110:
966   011E  0C          	inc	c
967   011F  21 A0 01    	ld	hl, +(_sprtbl + 0x0004)
968   0122  71          	ld	(hl), c
969   0123              l_main_00111:
970   0123  21 A0 01    	ld	hl, +(_sprtbl + 0x0004)
971   0126  71          	ld	(hl), c
972   0127  ED 4B 04 00 	ld	bc, (_main_s_65536_525)
973   012B  0A          	ld	a, (bc)
974   012C  4F          	ld	c, a
975   012D  3E 15       	ld	a,0x15
976   012F  91          	sub	a, c
977   0130  30 0D       	jr	NC,l_main_00102
978   0132  3A 9F 01    	ld	a,((_sprtbl + 0x0003) + 0)
979   0135  DD 77 FF    	ld	(ix-1),a
980   0138  AF          	xor	a, a
981   0139  DD 96 FF    	sub	a,(ix-1)
982   013C  32 9F 01    	ld	((_sprtbl + 0x0003)),a
983   013F              l_main_00102:
984   013F  ED 4B 04 00 	ld	bc, (_main_s_65536_525)
985   0143  03          	inc	bc
986   0144  0A          	ld	a, (bc)
987   0145  4F          	ld	c, a
988   0146  3E 1D       	ld	a,0x1d
989   0148  91          	sub	a, c
990   0149  D2 C7 00    	jp	NC, l_main_00106
991   014C  3A 9E 01    	ld	a, ((_sprtbl + 0x0002) + 0)
992   014F  ED 44       	neg
993   0151  32 9E 01    	ld	((_sprtbl + 0x0002)),a
994   0154  C3 C7 00    	jp	l_main_00106
995   0157  F1          	pop	af
996   0158  DD E1       	pop	ix
997   015A  C9          	ret
998   015B              	SECTION data_compiler
999   0000              _boxPhase:
1000  0000  00          	DEFB +0x00
1001  0001  FF          	DEFB +0xff
1002  0002  00          	DEFB +0x00
1003  0003  FF          	DEFB +0xff
1004  0004  00          	DEFB +0x00
1005  0005  FF          	DEFB +0xff
1006  0006  00          	DEFB +0x00
1007  0007  FF          	DEFB +0xff
1008  0008  00          	DEFB +0x00
1009  0009  FF          	DEFB +0xff
1010  000A  00          	DEFB +0x00
1011  000B  FF          	DEFB +0xff
1012  000C  00          	DEFB +0x00
1013  000D  FF          	DEFB +0xff
1014  000E  00          	DEFB +0x00
1015  000F  FF          	DEFB +0xff
1016  0010              _boxPhase0:
1017  0010  00          	DEFB +0x00
1018  0011  FF          	DEFB +0xff
1019  0012  00          	DEFB +0x00
1020  0013  C0          	DEFB +0xc0
1021  0014  00          	DEFB +0x00
1022  0015  A0          	DEFB +0xa0
1023  0016  00          	DEFB +0x00
1024  0017  90          	DEFB +0x90
1025  0018  00          	DEFB +0x00
1026  0019  88          	DEFB +0x88
1027  001A  00          	DEFB +0x00
1028  001B  84          	DEFB +0x84
1029  001C  00          	DEFB +0x00
1030  001D  82          	DEFB +0x82
1031  001E  00          	DEFB +0x00
1032  001F  81          	DEFB +0x81
1033  0020  00          	DEFB +0x00
1034  0021  81          	DEFB +0x81
1035  0022  00          	DEFB +0x00
1036  0023  82          	DEFB +0x82
1037  0024  00          	DEFB +0x00
1038  0025  84          	DEFB +0x84
1039  0026  00          	DEFB +0x00
1040  0027  88          	DEFB +0x88
1041  0028  00          	DEFB +0x00
1042  0029  90          	DEFB +0x90
1043  002A  00          	DEFB +0x00
1044  002B  A0          	DEFB +0xa0
1045  002C  00          	DEFB +0x00
1046  002D  C0          	DEFB +0xc0
1047  002E  00          	DEFB +0x00
1048  002F  FF          	DEFB +0xff
1049  0030  FF          	DEFB +0xff
1050  0031  00          	DEFB +0x00
1051  0032  FF          	DEFB +0xff
1052  0033  00          	DEFB +0x00
1053  0034  FF          	DEFB +0xff
1054  0035  00          	DEFB +0x00
1055  0036  FF          	DEFB +0xff
1056  0037  00          	DEFB +0x00
1057  0038  FF          	DEFB +0xff
1058  0039  00          	DEFB +0x00
1059  003A  FF          	DEFB +0xff
1060  003B  00          	DEFB +0x00
1061  003C  FF          	DEFB +0xff
1062  003D  00          	DEFB +0x00
1063  003E  FF          	DEFB +0xff
1064  003F  00          	DEFB +0x00
1065  0040  00          	DEFB +0x00
1066  0041  FF          	DEFB +0xff
1067  0042  00          	DEFB +0x00
1068  0043  03          	DEFB +0x03
1069  0044  00          	DEFB +0x00
1070  0045  05          	DEFB +0x05
1071  0046  00          	DEFB +0x00
1072  0047  09          	DEFB +0x09
1073  0048  00          	DEFB +0x00
1074  0049  11          	DEFB +0x11
1075  004A  00          	DEFB +0x00
1076  004B  21          	DEFB +0x21
1077  004C  00          	DEFB +0x00
1078  004D  41          	DEFB +0x41
1079  004E  00          	DEFB +0x00
1080  004F  81          	DEFB +0x81
1081  0050  00          	DEFB +0x00
1082  0051  81          	DEFB +0x81
1083  0052  00          	DEFB +0x00
1084  0053  41          	DEFB +0x41
1085  0054  00          	DEFB +0x00
1086  0055  21          	DEFB +0x21
1087  0056  00          	DEFB +0x00
1088  0057  11          	DEFB +0x11
1089  0058  00          	DEFB +0x00
1090  0059  09          	DEFB +0x09
1091  005A  00          	DEFB +0x00
1092  005B  05          	DEFB +0x05
1093  005C  00          	DEFB +0x00
1094  005D  03          	DEFB +0x03
1095  005E  00          	DEFB +0x00
1096  005F  FF          	DEFB +0xff
1097  0060  FF          	DEFB +0xff
1098  0061  00          	DEFB +0x00
1099  0062  FF          	DEFB +0xff
1100  0063  00          	DEFB +0x00
1101  0064  FF          	DEFB +0xff
1102  0065  00          	DEFB +0x00
1103  0066  FF          	DEFB +0xff
1104  0067  00          	DEFB +0x00
1105  0068  FF          	DEFB +0xff
1106  0069  00          	DEFB +0x00
1107  006A  FF          	DEFB +0xff
1108  006B  00          	DEFB +0x00
1109  006C  FF          	DEFB +0xff
1110  006D  00          	DEFB +0x00
1111  006E  FF          	DEFB +0xff
1112  006F  00          	DEFB +0x00
1113  0070              _boxPhase1:
1114  0070  00          	DEFB +0x00
1115  0071  FF          	DEFB +0xff
1116  0072  00          	DEFB +0x00
1117  0073  80          	DEFB +0x80
1118  0074  00          	DEFB +0x00
1119  0075  80          	DEFB +0x80
1120  0076  00          	DEFB +0x00
1121  0077  80          	DEFB +0x80
1122  0078  00          	DEFB +0x00
1123  0079  C0          	DEFB +0xc0
1124  007A  00          	DEFB +0x00
1125  007B  B0          	DEFB +0xb0
1126  007C  00          	DEFB +0x00
1127  007D  8C          	DEFB +0x8c
1128  007E  00          	DEFB +0x00
1129  007F  83          	DEFB +0x83
1130  0080  00          	DEFB +0x00
1131  0081  81          	DEFB +0x81
1132  0082  00          	DEFB +0x00
1133  0083  81          	DEFB +0x81
1134  0084  00          	DEFB +0x00
1135  0085  82          	DEFB +0x82
1136  0086  00          	DEFB +0x00
1137  0087  82          	DEFB +0x82
1138  0088  00          	DEFB +0x00
1139  0089  84          	DEFB +0x84
1140  008A  00          	DEFB +0x00
1141  008B  84          	DEFB +0x84
1142  008C  00          	DEFB +0x00
1143  008D  88          	DEFB +0x88
1144  008E  00          	DEFB +0x00
1145  008F  FF          	DEFB +0xff
1146  0090  FF          	DEFB +0xff
1147  0091  00          	DEFB +0x00
1148  0092  FF          	DEFB +0xff
1149  0093  00          	DEFB +0x00
1150  0094  FF          	DEFB +0xff
1151  0095  00          	DEFB +0x00
1152  0096  FF          	DEFB +0xff
1153  0097  00          	DEFB +0x00
1154  0098  FF          	DEFB +0xff
1155  0099  00          	DEFB +0x00
1156  009A  FF          	DEFB +0xff
1157  009B  00          	DEFB +0x00
1158  009C  FF          	DEFB +0xff
1159  009D  00          	DEFB +0x00
1160  009E  FF          	DEFB +0xff
1161  009F  00          	DEFB +0x00
1162  00A0  00          	DEFB +0x00
1163  00A1  FF          	DEFB +0xff
1164  00A2  00          	DEFB +0x00
1165  00A3  11          	DEFB +0x11
1166  00A4  00          	DEFB +0x00
1167  00A5  21          	DEFB +0x21
1168  00A6  00          	DEFB +0x00
1169  00A7  21          	DEFB +0x21
1170  00A8  00          	DEFB +0x00
1171  00A9  41          	DEFB +0x41
1172  00AA  00          	DEFB +0x00
1173  00AB  41          	DEFB +0x41
1174  00AC  00          	DEFB +0x00
1175  00AD  81          	DEFB +0x81
1176  00AE  00          	DEFB +0x00
1177  00AF  81          	DEFB +0x81
1178  00B0  00          	DEFB +0x00
1179  00B1  C1          	DEFB +0xc1
1180  00B2  00          	DEFB +0x00
1181  00B3  31          	DEFB +0x31
1182  00B4  00          	DEFB +0x00
1183  00B5  0D          	DEFB +0x0d
1184  00B6  00          	DEFB +0x00
1185  00B7  03          	DEFB +0x03
1186  00B8  00          	DEFB +0x00
1187  00B9  01          	DEFB +0x01
1188  00BA  00          	DEFB +0x00
1189  00BB  01          	DEFB +0x01
1190  00BC  00          	DEFB +0x00
1191  00BD  01          	DEFB +0x01
1192  00BE  00          	DEFB +0x00
1193  00BF  FF          	DEFB +0xff
1194  00C0  FF          	DEFB +0xff
1195  00C1  00          	DEFB +0x00
1196  00C2  FF          	DEFB +0xff
1197  00C3  00          	DEFB +0x00
1198  00C4  FF          	DEFB +0xff
1199  00C5  00          	DEFB +0x00
1200  00C6  FF          	DEFB +0xff
1201  00C7  00          	DEFB +0x00
1202  00C8  FF          	DEFB +0xff
1203  00C9  00          	DEFB +0x00
1204  00CA  FF          	DEFB +0xff
1205  00CB  00          	DEFB +0x00
1206  00CC  FF          	DEFB +0xff
1207  00CD  00          	DEFB +0x00
1208  00CE  FF          	DEFB +0xff
1209  00CF  00          	DEFB +0x00
1210  00D0              _boxPhase2:
1211  00D0  00          	DEFB +0x00
1212  00D1  FF          	DEFB +0xff
1213  00D2  00          	DEFB +0x00
1214  00D3  81          	DEFB +0x81
1215  00D4  00          	DEFB +0x00
1216  00D5  81          	DEFB +0x81
1217  00D6  00          	DEFB +0x00
1218  00D7  81          	DEFB +0x81
1219  00D8  00          	DEFB +0x00
1220  00D9  81          	DEFB +0x81
1221  00DA  00          	DEFB +0x00
1222  00DB  81          	DEFB +0x81
1223  00DC  00          	DEFB +0x00
1224  00DD  81          	DEFB +0x81
1225  00DE  00          	DEFB +0x00
1226  00DF  81          	DEFB +0x81
1227  00E0  00          	DEFB +0x00
1228  00E1  FF          	DEFB +0xff
1229  00E2  00          	DEFB +0x00
1230  00E3  80          	DEFB +0x80
1231  00E4  00          	DEFB +0x00
1232  00E5  80          	DEFB +0x80
1233  00E6  00          	DEFB +0x00
1234  00E7  80          	DEFB +0x80
1235  00E8  00          	DEFB +0x00
1236  00E9  80          	DEFB +0x80
1237  00EA  00          	DEFB +0x00
1238  00EB  80          	DEFB +0x80
1239  00EC  00          	DEFB +0x00
1240  00ED  80          	DEFB +0x80
1241  00EE  00          	DEFB +0x00
1242  00EF  FF          	DEFB +0xff
1243  00F0  FF          	DEFB +0xff
1244  00F1  00          	DEFB +0x00
1245  00F2  FF          	DEFB +0xff
1246  00F3  00          	DEFB +0x00
1247  00F4  FF          	DEFB +0xff
1248  00F5  00          	DEFB +0x00
1249  00F6  FF          	DEFB +0xff
1250  00F7  00          	DEFB +0x00
1251  00F8  FF          	DEFB +0xff
1252  00F9  00          	DEFB +0x00
1253  00FA  FF          	DEFB +0xff
1254  00FB  00          	DEFB +0x00
1255  00FC  FF          	DEFB +0xff
1256  00FD  00          	DEFB +0x00
1257  00FE  FF          	DEFB +0xff
1258  00FF  00          	DEFB +0x00
1259  0100  00          	DEFB +0x00
1260  0101  FF          	DEFB +0xff
1261  0102  00          	DEFB +0x00
1262  0103  01          	DEFB +0x01
1263  0104  00          	DEFB +0x00
1264  0105  01          	DEFB +0x01
1265  0106  00          	DEFB +0x00
1266  0107  01          	DEFB +0x01
1267  0108  00          	DEFB +0x00
1268  0109  01          	DEFB +0x01
1269  010A  00          	DEFB +0x00
1270  010B  01          	DEFB +0x01
1271  010C  00          	DEFB +0x00
1272  010D  01          	DEFB +0x01
1273  010E  00          	DEFB +0x00
1274  010F  FF          	DEFB +0xff
1275  0110  00          	DEFB +0x00
1276  0111  81          	DEFB +0x81
1277  0112  00          	DEFB +0x00
1278  0113  81          	DEFB +0x81
1279  0114  00          	DEFB +0x00
1280  0115  81          	DEFB +0x81
1281  0116  00          	DEFB +0x00
1282  0117  81          	DEFB +0x81
1283  0118  00          	DEFB +0x00
1284  0119  81          	DEFB +0x81
1285  011A  00          	DEFB +0x00
1286  011B  81          	DEFB +0x81
1287  011C  00          	DEFB +0x00
1288  011D  81          	DEFB +0x81
1289  011E  00          	DEFB +0x00
1290  011F  FF          	DEFB +0xff
1291  0120  FF          	DEFB +0xff
1292  0121  00          	DEFB +0x00
1293  0122  FF          	DEFB +0xff
1294  0123  00          	DEFB +0x00
1295  0124  FF          	DEFB +0xff
1296  0125  00          	DEFB +0x00
1297  0126  FF          	DEFB +0xff
1298  0127  00          	DEFB +0x00
1299  0128  FF          	DEFB +0xff
1300  0129  00          	DEFB +0x00
1301  012A  FF          	DEFB +0xff
1302  012B  00          	DEFB +0x00
1303  012C  FF          	DEFB +0xff
1304  012D  00          	DEFB +0x00
1305  012E  FF          	DEFB +0xff
1306  012F  00          	DEFB +0x00
1307  0130              _boxPhase3:
1308  0130  00          	DEFB +0x00
1309  0131  FF          	DEFB +0xff
1310  0132  00          	DEFB +0x00
1311  0133  88          	DEFB +0x88
1312  0134  00          	DEFB +0x00
1313  0135  84          	DEFB +0x84
1314  0136  00          	DEFB +0x00
1315  0137  84          	DEFB +0x84
1316  0138  00          	DEFB +0x00
1317  0139  82          	DEFB +0x82
1318  013A  00          	DEFB +0x00
1319  013B  82          	DEFB +0x82
1320  013C  00          	DEFB +0x00
1321  013D  81          	DEFB +0x81
1322  013E  00          	DEFB +0x00
1323  013F  81          	DEFB +0x81
1324  0140  00          	DEFB +0x00
1325  0141  83          	DEFB +0x83
1326  0142  00          	DEFB +0x00
1327  0143  8C          	DEFB +0x8c
1328  0144  00          	DEFB +0x00
1329  0145  B0          	DEFB +0xb0
1330  0146  00          	DEFB +0x00
1331  0147  C0          	DEFB +0xc0
1332  0148  00          	DEFB +0x00
1333  0149  80          	DEFB +0x80
1334  014A  00          	DEFB +0x00
1335  014B  80          	DEFB +0x80
1336  014C  00          	DEFB +0x00
1337  014D  80          	DEFB +0x80
1338  014E  00          	DEFB +0x00
1339  014F  FF          	DEFB +0xff
1340  0150  FF          	DEFB +0xff
1341  0151  00          	DEFB +0x00
1342  0152  FF          	DEFB +0xff
1343  0153  00          	DEFB +0x00
1344  0154  FF          	DEFB +0xff
1345  0155  00          	DEFB +0x00
1346  0156  FF          	DEFB +0xff
1347  0157  00          	DEFB +0x00
1348  0158  FF          	DEFB +0xff
1349  0159  00          	DEFB +0x00
1350  015A  FF          	DEFB +0xff
1351  015B  00          	DEFB +0x00
1352  015C  FF          	DEFB +0xff
1353  015D  00          	DEFB +0x00
1354  015E  FF          	DEFB +0xff
1355  015F  00          	DEFB +0x00
1356  0160  00          	DEFB +0x00
1357  0161  FF          	DEFB +0xff
1358  0162  00          	DEFB +0x00
1359  0163  01          	DEFB +0x01
1360  0164  00          	DEFB +0x00
1361  0165  01          	DEFB +0x01
1362  0166  00          	DEFB +0x00
1363  0167  01          	DEFB +0x01
1364  0168  00          	DEFB +0x00
1365  0169  03          	DEFB +0x03
1366  016A  00          	DEFB +0x00
1367  016B  0D          	DEFB +0x0d
1368  016C  00          	DEFB +0x00
1369  016D  31          	DEFB +0x31
1370  016E  00          	DEFB +0x00
1371  016F  C1          	DEFB +0xc1
1372  0170  00          	DEFB +0x00
1373  0171  81          	DEFB +0x81
1374  0172  00          	DEFB +0x00
1375  0173  81          	DEFB +0x81
1376  0174  00          	DEFB +0x00
1377  0175  41          	DEFB +0x41
1378  0176  00          	DEFB +0x00
1379  0177  41          	DEFB +0x41
1380  0178  00          	DEFB +0x00
1381  0179  21          	DEFB +0x21
1382  017A  00          	DEFB +0x00
1383  017B  21          	DEFB +0x21
1384  017C  00          	DEFB +0x00
1385  017D  11          	DEFB +0x11
1386  017E  00          	DEFB +0x00
1387  017F  FF          	DEFB +0xff
1388  0180  FF          	DEFB +0xff
1389  0181  00          	DEFB +0x00
1390  0182  FF          	DEFB +0xff
1391  0183  00          	DEFB +0x00
1392  0184  FF          	DEFB +0xff
1393  0185  00          	DEFB +0x00
1394  0186  FF          	DEFB +0xff
1395  0187  00          	DEFB +0x00
1396  0188  FF          	DEFB +0xff
1397  0189  00          	DEFB +0x00
1398  018A  FF          	DEFB +0xff
1399  018B  00          	DEFB +0x00
1400  018C  FF          	DEFB +0xff
1401  018D  00          	DEFB +0x00
1402  018E  FF          	DEFB +0xff
1403  018F  00          	DEFB +0x00
1404  0190              _boxSpriteState:
1405  0190  10 00       	DEFW _boxPhase0
1406  0192  70 00       	DEFW _boxPhase1
1407  0194  D0 00       	DEFW _boxPhase2
1408  0196  30 01       	DEFW _boxPhase3
1409  0198              _cr:
1410  0198  00          	DEFB +0x00
1411  0199  00          	DEFB +0x00
1412  019A  20          	DEFB +0x20
1413  019B  18          	DEFB +0x18
1414  019C              _sprtbl:
1415  019C  00 00       	DEFW +0x0000
1416  019E  01          	DEFB +0x01
1417  019F  01          	DEFB +0x01
1418  01A0  00          	DEFB +0x00
1419  01A1              _hash:
1420  01A1  FE          	DEFB +0xfe
1421  01A2  FF          	DEFB +0xff
1422  01A3  FF          	DEFB +0xff
1423  01A4  FF          	DEFB +0xff
1424  01A5  EF          	DEFB +0xef
1425  01A6  FF          	DEFB +0xff
1426  01A7  FF          	DEFB +0xff
1427  01A8  FF          	DEFB +0xff
1428  01A9              	SECTION IGNORE
1429  0000              
