1     0000              MODULE gfx_c
2     0000              LINE 0, "src/gfx.c"
0     0000              
1     0000              ;--------------------------------------------------------
2     0000              ; File Created by SDCC : free open source ANSI-C Compiler
3     0000              ; Version 4.0.7 #12036 (MINGW64)
4     0000              ;--------------------------------------------------------
5     0000              ; Processed by Z88DK
6     0000              ;--------------------------------------------------------
7     0000              
8     0000              	EXTERN __divschar
9     0000              	EXTERN __divschar_callee
10    0000              	EXTERN __divsint
11    0000              	EXTERN __divsint_callee
12    0000              	EXTERN __divslong
13    0000              	EXTERN __divslong_callee
14    0000              	EXTERN __divslonglong
15    0000              	EXTERN __divslonglong_callee
16    0000              	EXTERN __divsuchar
17    0000              	EXTERN __divsuchar_callee
18    0000              	EXTERN __divuchar
19    0000              	EXTERN __divuchar_callee
20    0000              	EXTERN __divuint
21    0000              	EXTERN __divuint_callee
22    0000              	EXTERN __divulong
23    0000              	EXTERN __divulong_callee
24    0000              	EXTERN __divulonglong
25    0000              	EXTERN __divulonglong_callee
26    0000              	EXTERN __divuschar
27    0000              	EXTERN __divuschar_callee
28    0000              	EXTERN __modschar
29    0000              	EXTERN __modschar_callee
30    0000              	EXTERN __modsint
31    0000              	EXTERN __modsint_callee
32    0000              	EXTERN __modslong
33    0000              	EXTERN __modslong_callee
34    0000              	EXTERN __modslonglong
35    0000              	EXTERN __modslonglong_callee
36    0000              	EXTERN __modsuchar
37    0000              	EXTERN __modsuchar_callee
38    0000              	EXTERN __moduchar
39    0000              	EXTERN __moduchar_callee
40    0000              	EXTERN __moduint
41    0000              	EXTERN __moduint_callee
42    0000              	EXTERN __modulong
43    0000              	EXTERN __modulong_callee
44    0000              	EXTERN __modulonglong
45    0000              	EXTERN __modulonglong_callee
46    0000              	EXTERN __moduschar
47    0000              	EXTERN __moduschar_callee
48    0000              	EXTERN __mulint
49    0000              	EXTERN __mulint_callee
50    0000              	EXTERN __mullong
51    0000              	EXTERN __mullong_callee
52    0000              	EXTERN __mullonglong
53    0000              	EXTERN __mullonglong_callee
54    0000              	EXTERN __mulschar
55    0000              	EXTERN __mulschar_callee
56    0000              	EXTERN __mulsuchar
57    0000              	EXTERN __mulsuchar_callee
58    0000              	EXTERN __muluchar
59    0000              	EXTERN __muluchar_callee
60    0000              	EXTERN __muluschar
61    0000              	EXTERN __muluschar_callee
62    0000              	EXTERN __rlslonglong
63    0000              	EXTERN __rlslonglong_callee
64    0000              	EXTERN __rlulonglong
65    0000              	EXTERN __rlulonglong_callee
66    0000              	EXTERN __rrslonglong
67    0000              	EXTERN __rrslonglong_callee
68    0000              	EXTERN __rrulonglong
69    0000              	EXTERN __rrulonglong_callee
70    0000              	EXTERN ___sdcc_call_hl
71    0000              	EXTERN ___sdcc_call_iy
72    0000              	EXTERN ___sdcc_enter_ix
73    0000              	EXTERN banked_call
74    0000              	EXTERN _banked_ret
75    0000              	EXTERN ___fs2schar
76    0000              	EXTERN ___fs2schar_callee
77    0000              	EXTERN ___fs2sint
78    0000              	EXTERN ___fs2sint_callee
79    0000              	EXTERN ___fs2slong
80    0000              	EXTERN ___fs2slong_callee
81    0000              	EXTERN ___fs2slonglong
82    0000              	EXTERN ___fs2slonglong_callee
83    0000              	EXTERN ___fs2uchar
84    0000              	EXTERN ___fs2uchar_callee
85    0000              	EXTERN ___fs2uint
86    0000              	EXTERN ___fs2uint_callee
87    0000              	EXTERN ___fs2ulong
88    0000              	EXTERN ___fs2ulong_callee
89    0000              	EXTERN ___fs2ulonglong
90    0000              	EXTERN ___fs2ulonglong_callee
91    0000              	EXTERN ___fsadd
92    0000              	EXTERN ___fsadd_callee
93    0000              	EXTERN ___fsdiv
94    0000              	EXTERN ___fsdiv_callee
95    0000              	EXTERN ___fseq
96    0000              	EXTERN ___fseq_callee
97    0000              	EXTERN ___fsgt
98    0000              	EXTERN ___fsgt_callee
99    0000              	EXTERN ___fslt
100   0000              	EXTERN ___fslt_callee
101   0000              	EXTERN ___fsmul
102   0000              	EXTERN ___fsmul_callee
103   0000              	EXTERN ___fsneq
104   0000              	EXTERN ___fsneq_callee
105   0000              	EXTERN ___fssub
106   0000              	EXTERN ___fssub_callee
107   0000              	EXTERN ___schar2fs
108   0000              	EXTERN ___schar2fs_callee
109   0000              	EXTERN ___sint2fs
110   0000              	EXTERN ___sint2fs_callee
111   0000              	EXTERN ___slong2fs
112   0000              	EXTERN ___slong2fs_callee
113   0000              	EXTERN ___slonglong2fs
114   0000              	EXTERN ___slonglong2fs_callee
115   0000              	EXTERN ___uchar2fs
116   0000              	EXTERN ___uchar2fs_callee
117   0000              	EXTERN ___uint2fs
118   0000              	EXTERN ___uint2fs_callee
119   0000              	EXTERN ___ulong2fs
120   0000              	EXTERN ___ulong2fs_callee
121   0000              	EXTERN ___ulonglong2fs
122   0000              	EXTERN ___ulonglong2fs_callee
123   0000              	EXTERN ____sdcc_2_copy_src_mhl_dst_deix
124   0000              	EXTERN ____sdcc_2_copy_src_mhl_dst_bcix
125   0000              	EXTERN ____sdcc_4_copy_src_mhl_dst_deix
126   0000              	EXTERN ____sdcc_4_copy_src_mhl_dst_bcix
127   0000              	EXTERN ____sdcc_4_copy_src_mhl_dst_mbc
128   0000              	EXTERN ____sdcc_4_ldi_nosave_bc
129   0000              	EXTERN ____sdcc_4_ldi_save_bc
130   0000              	EXTERN ____sdcc_4_push_hlix
131   0000              	EXTERN ____sdcc_4_push_mhl
132   0000              	EXTERN ____sdcc_lib_setmem_hl
133   0000              	EXTERN ____sdcc_ll_add_de_bc_hl
134   0000              	EXTERN ____sdcc_ll_add_de_bc_hlix
135   0000              	EXTERN ____sdcc_ll_add_de_hlix_bc
136   0000              	EXTERN ____sdcc_ll_add_de_hlix_bcix
137   0000              	EXTERN ____sdcc_ll_add_deix_bc_hl
138   0000              	EXTERN ____sdcc_ll_add_deix_hlix
139   0000              	EXTERN ____sdcc_ll_add_hlix_bc_deix
140   0000              	EXTERN ____sdcc_ll_add_hlix_deix_bc
141   0000              	EXTERN ____sdcc_ll_add_hlix_deix_bcix
142   0000              	EXTERN ____sdcc_ll_asr_hlix_a
143   0000              	EXTERN ____sdcc_ll_asr_mbc_a
144   0000              	EXTERN ____sdcc_ll_copy_src_de_dst_hlix
145   0000              	EXTERN ____sdcc_ll_copy_src_de_dst_hlsp
146   0000              	EXTERN ____sdcc_ll_copy_src_deix_dst_hl
147   0000              	EXTERN ____sdcc_ll_copy_src_deix_dst_hlix
148   0000              	EXTERN ____sdcc_ll_copy_src_deixm_dst_hlsp
149   0000              	EXTERN ____sdcc_ll_copy_src_desp_dst_hlsp
150   0000              	EXTERN ____sdcc_ll_copy_src_hl_dst_de
151   0000              	EXTERN ____sdcc_ll_copy_src_hlsp_dst_de
152   0000              	EXTERN ____sdcc_ll_copy_src_hlsp_dst_deixm
153   0000              	EXTERN ____sdcc_ll_lsl_hlix_a
154   0000              	EXTERN ____sdcc_ll_lsl_mbc_a
155   0000              	EXTERN ____sdcc_ll_lsr_hlix_a
156   0000              	EXTERN ____sdcc_ll_lsr_mbc_a
157   0000              	EXTERN ____sdcc_ll_push_hlix
158   0000              	EXTERN ____sdcc_ll_push_mhl
159   0000              	EXTERN ____sdcc_ll_sub_de_bc_hl
160   0000              	EXTERN ____sdcc_ll_sub_de_bc_hlix
161   0000              	EXTERN ____sdcc_ll_sub_de_hlix_bc
162   0000              	EXTERN ____sdcc_ll_sub_de_hlix_bcix
163   0000              	EXTERN ____sdcc_ll_sub_deix_bc_hl
164   0000              	EXTERN ____sdcc_ll_sub_deix_hlix
165   0000              	EXTERN ____sdcc_ll_sub_hlix_bc_deix
166   0000              	EXTERN ____sdcc_ll_sub_hlix_deix_bc
167   0000              	EXTERN ____sdcc_ll_sub_hlix_deix_bcix
168   0000              	EXTERN ____sdcc_load_debc_deix
169   0000              	EXTERN ____sdcc_load_dehl_deix
170   0000              	EXTERN ____sdcc_load_debc_mhl
171   0000              	EXTERN ____sdcc_load_hlde_mhl
172   0000              	EXTERN ____sdcc_store_dehl_bcix
173   0000              	EXTERN ____sdcc_store_debc_hlix
174   0000              	EXTERN ____sdcc_store_debc_mhl
175   0000              	EXTERN ____sdcc_cpu_pop_ei
176   0000              	EXTERN ____sdcc_cpu_pop_ei_jp
177   0000              	EXTERN ____sdcc_cpu_push_di
178   0000              	EXTERN ____sdcc_outi
179   0000              	EXTERN ____sdcc_outi_128
180   0000              	EXTERN ____sdcc_outi_256
181   0000              	EXTERN ____sdcc_ldi
182   0000              	EXTERN ____sdcc_ldi_128
183   0000              	EXTERN ____sdcc_ldi_256
184   0000              	EXTERN ____sdcc_4_copy_srcd_hlix_dst_deix
185   0000              	EXTERN ____sdcc_4_and_src_mbc_mhl_dst_deix
186   0000              	EXTERN ____sdcc_4_or_src_mbc_mhl_dst_deix
187   0000              	EXTERN ____sdcc_4_xor_src_mbc_mhl_dst_deix
188   0000              	EXTERN ____sdcc_4_or_src_dehl_dst_bcix
189   0000              	EXTERN ____sdcc_4_xor_src_dehl_dst_bcix
190   0000              	EXTERN ____sdcc_4_and_src_dehl_dst_bcix
191   0000              	EXTERN ____sdcc_4_xor_src_mbc_mhl_dst_debc
192   0000              	EXTERN ____sdcc_4_or_src_mbc_mhl_dst_debc
193   0000              	EXTERN ____sdcc_4_and_src_mbc_mhl_dst_debc
194   0000              	EXTERN ____sdcc_4_cpl_src_mhl_dst_debc
195   0000              	EXTERN ____sdcc_4_xor_src_debc_mhl_dst_debc
196   0000              	EXTERN ____sdcc_4_or_src_debc_mhl_dst_debc
197   0000              	EXTERN ____sdcc_4_and_src_debc_mhl_dst_debc
198   0000              	EXTERN ____sdcc_4_and_src_debc_hlix_dst_debc
199   0000              	EXTERN ____sdcc_4_or_src_debc_hlix_dst_debc
200   0000              	EXTERN ____sdcc_4_xor_src_debc_hlix_dst_debc
201   0000              
202   0000              ;--------------------------------------------------------
203   0000              ; Public variables in this module
204   0000              ;--------------------------------------------------------
205   0000              	GLOBAL _colorizeSprite
206   0000              	GLOBAL _spriteColor
207   0000              	GLOBAL _screen
208   0000              	GLOBAL _initGfxEngine
209   0000              	GLOBAL _updateGfx
210   0000              	GLOBAL _createSprite
211   0000              	GLOBAL _placeSprite
212   0000              	GLOBAL _moveSprite
213   0000              ;--------------------------------------------------------
214   0000              ; Externals used
215   0000              ;--------------------------------------------------------
216   0000              	GLOBAL _colorizeSprites
217   0000              	GLOBAL _intrinsic_swap_word_32_fastcall
218   0000              	GLOBAL _intrinsic_swap_word_32
219   0000              	GLOBAL _intrinsic_swap_endian_32_fastcall
220   0000              	GLOBAL _intrinsic_swap_endian_32
221   0000              	GLOBAL _intrinsic_swap_endian_16_fastcall
222   0000              	GLOBAL _intrinsic_swap_endian_16
223   0000              	GLOBAL _intrinsic_return_de
224   0000              	GLOBAL _intrinsic_return_bc
225   0000              	GLOBAL _intrinsic_exx
226   0000              	GLOBAL _intrinsic_ex_de_hl
227   0000              	GLOBAL _intrinsic_nop
228   0000              	GLOBAL _intrinsic_im_2
229   0000              	GLOBAL _intrinsic_im_1
230   0000              	GLOBAL _intrinsic_im_0
231   0000              	GLOBAL _intrinsic_retn
232   0000              	GLOBAL _intrinsic_reti
233   0000              	GLOBAL _intrinsic_halt
234   0000              	GLOBAL _intrinsic_ei
235   0000              	GLOBAL _intrinsic_di
236   0000              	GLOBAL _intrinsic_stub
237   0000              	GLOBAL _intrinsic_ini
238   0000              	GLOBAL _intrinsic_outi
239   0000              	GLOBAL _intrinsic_ldi
240   0000              	GLOBAL _ffsll_callee
241   0000              	GLOBAL _ffsll
242   0000              	GLOBAL _strxfrm_callee
243   0000              	GLOBAL _strxfrm
244   0000              	GLOBAL _strupr_fastcall
245   0000              	GLOBAL _strupr
246   0000              	GLOBAL _strtok_r_callee
247   0000              	GLOBAL _strtok_r
248   0000              	GLOBAL _strtok_callee
249   0000              	GLOBAL _strtok
250   0000              	GLOBAL _strstrip_fastcall
251   0000              	GLOBAL _strstrip
252   0000              	GLOBAL _strstr_callee
253   0000              	GLOBAL _strstr
254   0000              	GLOBAL _strspn_callee
255   0000              	GLOBAL _strspn
256   0000              	GLOBAL _strsep_callee
257   0000              	GLOBAL _strsep
258   0000              	GLOBAL _strrstrip_fastcall
259   0000              	GLOBAL _strrstrip
260   0000              	GLOBAL _strrstr_callee
261   0000              	GLOBAL _strrstr
262   0000              	GLOBAL _strrspn_callee
263   0000              	GLOBAL _strrspn
264   0000              	GLOBAL _strrev_fastcall
265   0000              	GLOBAL _strrev
266   0000              	GLOBAL _strrcspn_callee
267   0000              	GLOBAL _strrcspn
268   0000              	GLOBAL _strrchr_callee
269   0000              	GLOBAL _strrchr
270   0000              	GLOBAL _strpbrk_callee
271   0000              	GLOBAL _strpbrk
272   0000              	GLOBAL _strnlen_callee
273   0000              	GLOBAL _strnlen
274   0000              	GLOBAL _strnicmp_callee
275   0000              	GLOBAL _strnicmp
276   0000              	GLOBAL _strndup_callee
277   0000              	GLOBAL _strndup
278   0000              	GLOBAL _strncpy_callee
279   0000              	GLOBAL _strncpy
280   0000              	GLOBAL _strncmp_callee
281   0000              	GLOBAL _strncmp
282   0000              	GLOBAL _strnchr_callee
283   0000              	GLOBAL _strnchr
284   0000              	GLOBAL _strncat_callee
285   0000              	GLOBAL _strncat
286   0000              	GLOBAL _strncasecmp_callee
287   0000              	GLOBAL _strncasecmp
288   0000              	GLOBAL _strlwr_fastcall
289   0000              	GLOBAL _strlwr
290   0000              	GLOBAL _strlen_fastcall
291   0000              	GLOBAL _strlen
292   0000              	GLOBAL _strlcpy_callee
293   0000              	GLOBAL _strlcpy
294   0000              	GLOBAL _strlcat_callee
295   0000              	GLOBAL _strlcat
296   0000              	GLOBAL _stricmp_callee
297   0000              	GLOBAL _stricmp
298   0000              	GLOBAL _strerror_fastcall
299   0000              	GLOBAL _strerror
300   0000              	GLOBAL _strdup_fastcall
301   0000              	GLOBAL _strdup
302   0000              	GLOBAL _strcspn_callee
303   0000              	GLOBAL _strcspn
304   0000              	GLOBAL _strcpy_callee
305   0000              	GLOBAL _strcpy
306   0000              	GLOBAL _strcoll_callee
307   0000              	GLOBAL _strcoll
308   0000              	GLOBAL _strcmp_callee
309   0000              	GLOBAL _strcmp
310   0000              	GLOBAL _strchrnul_callee
311   0000              	GLOBAL _strchrnul
312   0000              	GLOBAL _strchr_callee
313   0000              	GLOBAL _strchr
314   0000              	GLOBAL _strcat_callee
315   0000              	GLOBAL _strcat
316   0000              	GLOBAL _strcasecmp_callee
317   0000              	GLOBAL _strcasecmp
318   0000              	GLOBAL _stpncpy_callee
319   0000              	GLOBAL _stpncpy
320   0000              	GLOBAL _stpcpy_callee
321   0000              	GLOBAL _stpcpy
322   0000              	GLOBAL _memswap_callee
323   0000              	GLOBAL _memswap
324   0000              	GLOBAL _memset_callee
325   0000              	GLOBAL _memset
326   0000              	GLOBAL _memrchr_callee
327   0000              	GLOBAL _memrchr
328   0000              	GLOBAL _memmove_callee
329   0000              	GLOBAL _memmove
330   0000              	GLOBAL _memmem_callee
331   0000              	GLOBAL _memmem
332   0000              	GLOBAL _memcpy_callee
333   0000              	GLOBAL _memcpy
334   0000              	GLOBAL _memcmp_callee
335   0000              	GLOBAL _memcmp
336   0000              	GLOBAL _memchr_callee
337   0000              	GLOBAL _memchr
338   0000              	GLOBAL _memccpy_callee
339   0000              	GLOBAL _memccpy
340   0000              	GLOBAL _ffsl_fastcall
341   0000              	GLOBAL _ffsl
342   0000              	GLOBAL _ffs_fastcall
343   0000              	GLOBAL _ffs
344   0000              	GLOBAL __strrstrip__fastcall
345   0000              	GLOBAL __strrstrip_
346   0000              	GLOBAL __memupr__callee
347   0000              	GLOBAL __memupr_
348   0000              	GLOBAL __memstrcpy__callee
349   0000              	GLOBAL __memstrcpy_
350   0000              	GLOBAL __memlwr__callee
351   0000              	GLOBAL __memlwr_
352   0000              	GLOBAL _rawmemchr_callee
353   0000              	GLOBAL _rawmemchr
354   0000              	GLOBAL _strnset_callee
355   0000              	GLOBAL _strnset
356   0000              	GLOBAL _strset_callee
357   0000              	GLOBAL _strset
358   0000              	GLOBAL _rindex_callee
359   0000              	GLOBAL _rindex
360   0000              	GLOBAL _index_callee
361   0000              	GLOBAL _index
362   0000              	GLOBAL _bzero_callee
363   0000              	GLOBAL _bzero
364   0000              	GLOBAL _bcopy_callee
365   0000              	GLOBAL _bcopy
366   0000              	GLOBAL _bcmp_callee
367   0000              	GLOBAL _bcmp
368   0000              	GLOBAL _bfx_57
369   0000              	GLOBAL _bfx_56
370   0000              	GLOBAL _bfx_55
371   0000              	GLOBAL _bfx_54
372   0000              	GLOBAL _bfx_53
373   0000              	GLOBAL _bfx_52
374   0000              	GLOBAL _bfx_51
375   0000              	GLOBAL _bfx_50
376   0000              	GLOBAL _bfx_49
377   0000              	GLOBAL _bfx_48
378   0000              	GLOBAL _bfx_47
379   0000              	GLOBAL _bfx_46
380   0000              	GLOBAL _bfx_45
381   0000              	GLOBAL _bfx_44
382   0000              	GLOBAL _bfx_43
383   0000              	GLOBAL _bfx_42
384   0000              	GLOBAL _bfx_41
385   0000              	GLOBAL _bfx_40
386   0000              	GLOBAL _bfx_39
387   0000              	GLOBAL _bfx_38
388   0000              	GLOBAL _bfx_37
389   0000              	GLOBAL _bfx_36
390   0000              	GLOBAL _bfx_35
391   0000              	GLOBAL _bfx_34
392   0000              	GLOBAL _bfx_33
393   0000              	GLOBAL _bfx_32
394   0000              	GLOBAL _bfx_31
395   0000              	GLOBAL _bfx_30
396   0000              	GLOBAL _bfx_29
397   0000              	GLOBAL _bfx_28
398   0000              	GLOBAL _bfx_27
399   0000              	GLOBAL _bfx_26
400   0000              	GLOBAL _bfx_25
401   0000              	GLOBAL _bfx_24
402   0000              	GLOBAL _bfx_23
403   0000              	GLOBAL _bfx_22
404   0000              	GLOBAL _bfx_21
405   0000              	GLOBAL _bfx_20
406   0000              	GLOBAL _bfx_19
407   0000              	GLOBAL _bfx_18
408   0000              	GLOBAL _bfx_17
409   0000              	GLOBAL _bfx_16
410   0000              	GLOBAL _bfx_15
411   0000              	GLOBAL _bfx_14
412   0000              	GLOBAL _bfx_13
413   0000              	GLOBAL _bfx_12
414   0000              	GLOBAL _bfx_11
415   0000              	GLOBAL _bfx_10
416   0000              	GLOBAL _bfx_9
417   0000              	GLOBAL _bfx_8
418   0000              	GLOBAL _bfx_7
419   0000              	GLOBAL _bfx_6
420   0000              	GLOBAL _bfx_5
421   0000              	GLOBAL _bfx_4
422   0000              	GLOBAL _bfx_3
423   0000              	GLOBAL _bfx_2
424   0000              	GLOBAL _bfx_1
425   0000              	GLOBAL _bfx_0
426   0000              	GLOBAL _bitfx_31
427   0000              	GLOBAL _bitfx_30
428   0000              	GLOBAL _bitfx_29
429   0000              	GLOBAL _bitfx_28
430   0000              	GLOBAL _bitfx_27
431   0000              	GLOBAL _bitfx_26
432   0000              	GLOBAL _bitfx_25
433   0000              	GLOBAL _bitfx_24
434   0000              	GLOBAL _bitfx_23
435   0000              	GLOBAL _bitfx_22
436   0000              	GLOBAL _bitfx_21
437   0000              	GLOBAL _bitfx_20
438   0000              	GLOBAL _bitfx_19
439   0000              	GLOBAL _bitfx_18
440   0000              	GLOBAL _bitfx_17
441   0000              	GLOBAL _bitfx_16
442   0000              	GLOBAL _bitfx_15
443   0000              	GLOBAL _bitfx_14
444   0000              	GLOBAL _bitfx_13
445   0000              	GLOBAL _bitfx_12
446   0000              	GLOBAL _bitfx_11
447   0000              	GLOBAL _bitfx_10
448   0000              	GLOBAL _bitfx_9
449   0000              	GLOBAL _bitfx_8
450   0000              	GLOBAL _bitfx_7
451   0000              	GLOBAL _bitfx_6
452   0000              	GLOBAL _bitfx_5
453   0000              	GLOBAL _bitfx_4
454   0000              	GLOBAL _bitfx_3
455   0000              	GLOBAL _bitfx_2
456   0000              	GLOBAL _bitfx_1
457   0000              	GLOBAL _bitfx_0
458   0000              	GLOBAL _bit_synth_di_callee
459   0000              	GLOBAL _bit_synth_di
460   0000              	GLOBAL _bit_play_tritone_di_fastcall
461   0000              	GLOBAL _bit_play_tritone_di
462   0000              	GLOBAL _bit_play_di_fastcall
463   0000              	GLOBAL _bit_play_di
464   0000              	GLOBAL _bit_beepfx_di_fastcall
465   0000              	GLOBAL _bit_beepfx_di
466   0000              	GLOBAL _bit_fx_di_fastcall
467   0000              	GLOBAL _bit_fx_di
468   0000              	GLOBAL _bit_click_di
469   0000              	GLOBAL _bit_beep_raw_di_callee
470   0000              	GLOBAL _bit_beep_raw_di
471   0000              	GLOBAL _bit_beep_di_callee
472   0000              	GLOBAL _bit_beep_di
473   0000              	GLOBAL _bit_synth_callee
474   0000              	GLOBAL _bit_synth
475   0000              	GLOBAL _bit_play_tritone_fastcall
476   0000              	GLOBAL _bit_play_tritone
477   0000              	GLOBAL _bit_play_fastcall
478   0000              	GLOBAL _bit_play
479   0000              	GLOBAL _bit_beepfx_fastcall
480   0000              	GLOBAL _bit_beepfx
481   0000              	GLOBAL _bit_fx_fastcall
482   0000              	GLOBAL _bit_fx
483   0000              	GLOBAL _bit_click
484   0000              	GLOBAL _bit_beep_raw_callee
485   0000              	GLOBAL _bit_beep_raw
486   0000              	GLOBAL _bit_beep_callee
487   0000              	GLOBAL _bit_beep
488   0000              	GLOBAL _sp1_Validate_fastcall
489   0000              	GLOBAL _sp1_Validate
490   0000              	GLOBAL _sp1_Invalidate_fastcall
491   0000              	GLOBAL _sp1_Invalidate
492   0000              	GLOBAL _sp1_RestoreUpdateStruct_fastcall
493   0000              	GLOBAL _sp1_RestoreUpdateStruct
494   0000              	GLOBAL _sp1_RemoveUpdateStruct_fastcall
495   0000              	GLOBAL _sp1_RemoveUpdateStruct
496   0000              	GLOBAL _sp1_DrawUpdateStructAlways_fastcall
497   0000              	GLOBAL _sp1_DrawUpdateStructAlways
498   0000              	GLOBAL _sp1_DrawUpdateStructIfNotRem_fastcall
499   0000              	GLOBAL _sp1_DrawUpdateStructIfNotRem
500   0000              	GLOBAL _sp1_DrawUpdateStructIfVal_fastcall
501   0000              	GLOBAL _sp1_DrawUpdateStructIfVal
502   0000              	GLOBAL _sp1_DrawUpdateStructIfInv_fastcall
503   0000              	GLOBAL _sp1_DrawUpdateStructIfInv
504   0000              	GLOBAL _sp1_ValUpdateStruct_fastcall
505   0000              	GLOBAL _sp1_ValUpdateStruct
506   0000              	GLOBAL _sp1_InvUpdateStruct_fastcall
507   0000              	GLOBAL _sp1_InvUpdateStruct
508   0000              	GLOBAL _sp1_IterateUpdateRect_callee
509   0000              	GLOBAL _sp1_IterateUpdateRect
510   0000              	GLOBAL _sp1_IterateUpdateArr_callee
511   0000              	GLOBAL _sp1_IterateUpdateArr
512   0000              	GLOBAL _sp1_GetUpdateStruct_callee
513   0000              	GLOBAL _sp1_GetUpdateStruct
514   0000              	GLOBAL _sp1_UpdateNow
515   0000              	GLOBAL _sp1_Initialize_callee
516   0000              	GLOBAL _sp1_Initialize
517   0000              	GLOBAL _sp1_ClearRectInv_callee
518   0000              	GLOBAL _sp1_ClearRectInv
519   0000              	GLOBAL _sp1_ClearRect_callee
520   0000              	GLOBAL _sp1_ClearRect
521   0000              	GLOBAL _sp1_PutTilesInv_callee
522   0000              	GLOBAL _sp1_PutTilesInv
523   0000              	GLOBAL _sp1_PutTiles_callee
524   0000              	GLOBAL _sp1_PutTiles
525   0000              	GLOBAL _sp1_GetTiles_callee
526   0000              	GLOBAL _sp1_GetTiles
527   0000              	GLOBAL _sp1_SetPrintPos_callee
528   0000              	GLOBAL _sp1_SetPrintPos
529   0000              	GLOBAL _sp1_PrintString_callee
530   0000              	GLOBAL _sp1_PrintString
531   0000              	GLOBAL _sp1_ScreenAttr_callee
532   0000              	GLOBAL _sp1_ScreenAttr
533   0000              	GLOBAL _sp1_ScreenStr_callee
534   0000              	GLOBAL _sp1_ScreenStr
535   0000              	GLOBAL _sp1_PrintAtInv_callee
536   0000              	GLOBAL _sp1_PrintAtInv
537   0000              	GLOBAL _sp1_PrintAt_callee
538   0000              	GLOBAL _sp1_PrintAt
539   0000              	GLOBAL _sp1_TileEntry_callee
540   0000              	GLOBAL _sp1_TileEntry
541   0000              	GLOBAL _sp1_RemoveCharStruct_fastcall
542   0000              	GLOBAL _sp1_RemoveCharStruct
543   0000              	GLOBAL _sp1_InsertCharStruct_callee
544   0000              	GLOBAL _sp1_InsertCharStruct
545   0000              	GLOBAL _sp1_InitCharStruct_callee
546   0000              	GLOBAL _sp1_InitCharStruct
547   0000              	GLOBAL _sp1_PreShiftSpr_callee
548   0000              	GLOBAL _sp1_PreShiftSpr
549   0000              	GLOBAL _sp1_GetSprClr_callee
550   0000              	GLOBAL _sp1_GetSprClr
551   0000              	GLOBAL _sp1_PutSprClr_callee
552   0000              	GLOBAL _sp1_PutSprClr
553   0000              	GLOBAL _sp1_GetSprClrAddr_callee
554   0000              	GLOBAL _sp1_GetSprClrAddr
555   0000              	GLOBAL _sp1_IterateUpdateSpr_callee
556   0000              	GLOBAL _sp1_IterateUpdateSpr
557   0000              	GLOBAL _sp1_IterateSprChar_callee
558   0000              	GLOBAL _sp1_IterateSprChar
559   0000              	GLOBAL _sp1_MoveSprPix_callee
560   0000              	GLOBAL _sp1_MoveSprPix
561   0000              	GLOBAL _sp1_MoveSprRel_callee
562   0000              	GLOBAL _sp1_MoveSprRel
563   0000              	GLOBAL _sp1_MoveSprAbs_callee
564   0000              	GLOBAL _sp1_MoveSprAbs
565   0000              	GLOBAL _sp1_DeleteSpr_fastcall
566   0000              	GLOBAL _sp1_DeleteSpr
567   0000              	GLOBAL _sp1_ChangeSprType_callee
568   0000              	GLOBAL _sp1_ChangeSprType
569   0000              	GLOBAL _sp1_AddColSpr_callee
570   0000              	GLOBAL _sp1_AddColSpr
571   0000              	GLOBAL _sp1_CreateSpr_callee
572   0000              	GLOBAL _sp1_CreateSpr
573   0000              	GLOBAL _SP1_DRAW_ATTR
574   0000              	GLOBAL _SP1_DRAW_LOAD1RBIM
575   0000              	GLOBAL _SP1_DRAW_LOAD1LBIM
576   0000              	GLOBAL _SP1_DRAW_XOR1RB
577   0000              	GLOBAL _SP1_DRAW_XOR1LB
578   0000              	GLOBAL _SP1_DRAW_XOR1NR
579   0000              	GLOBAL _SP1_DRAW_XOR1
580   0000              	GLOBAL _SP1_DRAW_OR1RB
581   0000              	GLOBAL _SP1_DRAW_OR1LB
582   0000              	GLOBAL _SP1_DRAW_OR1NR
583   0000              	GLOBAL _SP1_DRAW_OR1
584   0000              	GLOBAL _SP1_DRAW_LOAD1RB
585   0000              	GLOBAL _SP1_DRAW_LOAD1LB
586   0000              	GLOBAL _SP1_DRAW_LOAD1NR
587   0000              	GLOBAL _SP1_DRAW_LOAD1
588   0000              	GLOBAL _SP1_DRAW_LOAD2RBIM
589   0000              	GLOBAL _SP1_DRAW_LOAD2LBIM
590   0000              	GLOBAL _SP1_DRAW_XOR2RB
591   0000              	GLOBAL _SP1_DRAW_XOR2LB
592   0000              	GLOBAL _SP1_DRAW_XOR2NR
593   0000              	GLOBAL _SP1_DRAW_XOR2
594   0000              	GLOBAL _SP1_DRAW_OR2RB
595   0000              	GLOBAL _SP1_DRAW_OR2LB
596   0000              	GLOBAL _SP1_DRAW_OR2NR
597   0000              	GLOBAL _SP1_DRAW_OR2
598   0000              	GLOBAL _SP1_DRAW_LOAD2RB
599   0000              	GLOBAL _SP1_DRAW_LOAD2LB
600   0000              	GLOBAL _SP1_DRAW_LOAD2NR
601   0000              	GLOBAL _SP1_DRAW_LOAD2
602   0000              	GLOBAL _SP1_DRAW_MASK2RB
603   0000              	GLOBAL _SP1_DRAW_MASK2LB
604   0000              	GLOBAL _SP1_DRAW_MASK2NR
605   0000              	GLOBAL _SP1_DRAW_MASK2
606   0000              	GLOBAL _zx_pattern_fill_callee
607   0000              	GLOBAL _zx_pattern_fill
608   0000              	GLOBAL _zx_saddrpup_fastcall
609   0000              	GLOBAL _zx_saddrpup
610   0000              	GLOBAL _zx_saddrpright_callee
611   0000              	GLOBAL _zx_saddrpright
612   0000              	GLOBAL _zx_saddrpleft_callee
613   0000              	GLOBAL _zx_saddrpleft
614   0000              	GLOBAL _zx_saddrpdown_fastcall
615   0000              	GLOBAL _zx_saddrpdown
616   0000              	GLOBAL _zx_saddrcup_fastcall
617   0000              	GLOBAL _zx_saddrcup
618   0000              	GLOBAL _zx_saddrcright_fastcall
619   0000              	GLOBAL _zx_saddrcright
620   0000              	GLOBAL _zx_saddrcleft_fastcall
621   0000              	GLOBAL _zx_saddrcleft
622   0000              	GLOBAL _zx_saddrcdown_fastcall
623   0000              	GLOBAL _zx_saddrcdown
624   0000              	GLOBAL _zx_saddr2py_fastcall
625   0000              	GLOBAL _zx_saddr2py
626   0000              	GLOBAL _zx_saddr2px_fastcall
627   0000              	GLOBAL _zx_saddr2px
628   0000              	GLOBAL _zx_saddr2cy_fastcall
629   0000              	GLOBAL _zx_saddr2cy
630   0000              	GLOBAL _zx_saddr2cx_fastcall
631   0000              	GLOBAL _zx_saddr2cx
632   0000              	GLOBAL _zx_saddr2aaddr_fastcall
633   0000              	GLOBAL _zx_saddr2aaddr
634   0000              	GLOBAL _zx_py2saddr_fastcall
635   0000              	GLOBAL _zx_py2saddr
636   0000              	GLOBAL _zx_py2aaddr_fastcall
637   0000              	GLOBAL _zx_py2aaddr
638   0000              	GLOBAL _zx_pxy2saddr_callee
639   0000              	GLOBAL _zx_pxy2saddr
640   0000              	GLOBAL _zx_pxy2aaddr_callee
641   0000              	GLOBAL _zx_pxy2aaddr
642   0000              	GLOBAL _zx_px2bitmask_fastcall
643   0000              	GLOBAL _zx_px2bitmask
644   0000              	GLOBAL _zx_cy2saddr_fastcall
645   0000              	GLOBAL _zx_cy2saddr
646   0000              	GLOBAL _zx_cy2aaddr_fastcall
647   0000              	GLOBAL _zx_cy2aaddr
648   0000              	GLOBAL _zx_cxy2saddr_callee
649   0000              	GLOBAL _zx_cxy2saddr
650   0000              	GLOBAL _zx_cxy2aaddr_callee
651   0000              	GLOBAL _zx_cxy2aaddr
652   0000              	GLOBAL _zx_bitmask2px_fastcall
653   0000              	GLOBAL _zx_bitmask2px
654   0000              	GLOBAL _zx_aaddrcup_fastcall
655   0000              	GLOBAL _zx_aaddrcup
656   0000              	GLOBAL _zx_aaddrcright_fastcall
657   0000              	GLOBAL _zx_aaddrcright
658   0000              	GLOBAL _zx_aaddrcleft_fastcall
659   0000              	GLOBAL _zx_aaddrcleft
660   0000              	GLOBAL _zx_aaddrcdown_fastcall
661   0000              	GLOBAL _zx_aaddrcdown
662   0000              	GLOBAL _zx_aaddr2saddr_fastcall
663   0000              	GLOBAL _zx_aaddr2saddr
664   0000              	GLOBAL _zx_aaddr2py_fastcall
665   0000              	GLOBAL _zx_aaddr2py
666   0000              	GLOBAL _zx_aaddr2px_fastcall
667   0000              	GLOBAL _zx_aaddr2px
668   0000              	GLOBAL _zx_aaddr2cy_fastcall
669   0000              	GLOBAL _zx_aaddr2cy
670   0000              	GLOBAL _zx_aaddr2cx_fastcall
671   0000              	GLOBAL _zx_aaddr2cx
672   0000              	GLOBAL _zx_visit_wc_pix_callee
673   0000              	GLOBAL _zx_visit_wc_pix
674   0000              	GLOBAL _zx_visit_wc_attr_callee
675   0000              	GLOBAL _zx_visit_wc_attr
676   0000              	GLOBAL _zx_scroll_wc_up_pix_callee
677   0000              	GLOBAL _zx_scroll_wc_up_pix
678   0000              	GLOBAL _zx_scroll_wc_up_attr_callee
679   0000              	GLOBAL _zx_scroll_wc_up_attr
680   0000              	GLOBAL _zx_scroll_wc_up_callee
681   0000              	GLOBAL _zx_scroll_wc_up
682   0000              	GLOBAL _zx_scroll_up_pix_callee
683   0000              	GLOBAL _zx_scroll_up_pix
684   0000              	GLOBAL _zx_scroll_up_attr_callee
685   0000              	GLOBAL _zx_scroll_up_attr
686   0000              	GLOBAL _zx_scroll_up_callee
687   0000              	GLOBAL _zx_scroll_up
688   0000              	GLOBAL _zx_cls_wc_pix_callee
689   0000              	GLOBAL _zx_cls_wc_pix
690   0000              	GLOBAL _zx_cls_wc_attr_callee
691   0000              	GLOBAL _zx_cls_wc_attr
692   0000              	GLOBAL _zx_cls_wc_callee
693   0000              	GLOBAL _zx_cls_wc
694   0000              	GLOBAL _zx_cls_pix_fastcall
695   0000              	GLOBAL _zx_cls_pix
696   0000              	GLOBAL _zx_cls_attr_fastcall
697   0000              	GLOBAL _zx_cls_attr
698   0000              	GLOBAL _zx_cls_fastcall
699   0000              	GLOBAL _zx_cls
700   0000              	GLOBAL _zx_border_fastcall
701   0000              	GLOBAL _zx_border
702   0000              	GLOBAL _zx_tape_verify_block_callee
703   0000              	GLOBAL _zx_tape_verify_block
704   0000              	GLOBAL _zx_tape_save_block_callee
705   0000              	GLOBAL _zx_tape_save_block
706   0000              	GLOBAL _zx_tape_load_block_callee
707   0000              	GLOBAL _zx_tape_load_block
708   0000              	GLOBAL _ulltoa_callee
709   0000              	GLOBAL _ulltoa
710   0000              	GLOBAL _strtoull_callee
711   0000              	GLOBAL _strtoull
712   0000              	GLOBAL _strtoll_callee
713   0000              	GLOBAL _strtoll
714   0000              	GLOBAL _lltoa_callee
715   0000              	GLOBAL _lltoa
716   0000              	GLOBAL _llabs_callee
717   0000              	GLOBAL _llabs
718   0000              	GLOBAL __lldivu__callee
719   0000              	GLOBAL __lldivu_
720   0000              	GLOBAL __lldiv__callee
721   0000              	GLOBAL __lldiv_
722   0000              	GLOBAL _atoll_callee
723   0000              	GLOBAL _atoll
724   0000              	GLOBAL _realloc_unlocked_callee
725   0000              	GLOBAL _realloc_unlocked
726   0000              	GLOBAL _malloc_unlocked_fastcall
727   0000              	GLOBAL _malloc_unlocked
728   0000              	GLOBAL _free_unlocked_fastcall
729   0000              	GLOBAL _free_unlocked
730   0000              	GLOBAL _calloc_unlocked_callee
731   0000              	GLOBAL _calloc_unlocked
732   0000              	GLOBAL _aligned_alloc_unlocked_callee
733   0000              	GLOBAL _aligned_alloc_unlocked
734   0000              	GLOBAL _realloc_callee
735   0000              	GLOBAL _realloc
736   0000              	GLOBAL _malloc_fastcall
737   0000              	GLOBAL _malloc
738   0000              	GLOBAL _free_fastcall
739   0000              	GLOBAL _free
740   0000              	GLOBAL _calloc_callee
741   0000              	GLOBAL _calloc
742   0000              	GLOBAL _aligned_alloc_callee
743   0000              	GLOBAL _aligned_alloc
744   0000              	GLOBAL _utoa_callee
745   0000              	GLOBAL _utoa
746   0000              	GLOBAL _ultoa_callee
747   0000              	GLOBAL _ultoa
748   0000              	GLOBAL _system_fastcall
749   0000              	GLOBAL _system
750   0000              	GLOBAL _strtoul_callee
751   0000              	GLOBAL _strtoul
752   0000              	GLOBAL _strtol_callee
753   0000              	GLOBAL _strtol
754   0000              	GLOBAL _strtof_callee
755   0000              	GLOBAL _strtof
756   0000              	GLOBAL _strtod_callee
757   0000              	GLOBAL _strtod
758   0000              	GLOBAL _srand_fastcall
759   0000              	GLOBAL _srand
760   0000              	GLOBAL _rand
761   0000              	GLOBAL _quick_exit_fastcall
762   0000              	GLOBAL _quick_exit
763   0000              	GLOBAL _qsort_callee
764   0000              	GLOBAL _qsort
765   0000              	GLOBAL _ltoa_callee
766   0000              	GLOBAL _ltoa
767   0000              	GLOBAL _labs_fastcall
768   0000              	GLOBAL _labs
769   0000              	GLOBAL _itoa_callee
770   0000              	GLOBAL _itoa
771   0000              	GLOBAL _ftoh_callee
772   0000              	GLOBAL _ftoh
773   0000              	GLOBAL _ftog_callee
774   0000              	GLOBAL _ftog
775   0000              	GLOBAL _ftoe_callee
776   0000              	GLOBAL _ftoe
777   0000              	GLOBAL _ftoa_callee
778   0000              	GLOBAL _ftoa
779   0000              	GLOBAL _exit_fastcall
780   0000              	GLOBAL _exit
781   0000              	GLOBAL _dtoh_callee
782   0000              	GLOBAL _dtoh
783   0000              	GLOBAL _dtog_callee
784   0000              	GLOBAL _dtog
785   0000              	GLOBAL _dtoe_callee
786   0000              	GLOBAL _dtoe
787   0000              	GLOBAL _dtoa_callee
788   0000              	GLOBAL _dtoa
789   0000              	GLOBAL _bsearch_callee
790   0000              	GLOBAL _bsearch
791   0000              	GLOBAL _atol_fastcall
792   0000              	GLOBAL _atol
793   0000              	GLOBAL _atoi_fastcall
794   0000              	GLOBAL _atoi
795   0000              	GLOBAL _atof_fastcall
796   0000              	GLOBAL _atof
797   0000              	GLOBAL _atexit_fastcall
798   0000              	GLOBAL _atexit
799   0000              	GLOBAL _at_quick_exit_fastcall
800   0000              	GLOBAL _at_quick_exit
801   0000              	GLOBAL _abs_fastcall
802   0000              	GLOBAL _abs
803   0000              	GLOBAL _abort
804   0000              	GLOBAL __strtou__callee
805   0000              	GLOBAL __strtou_
806   0000              	GLOBAL __strtoi__callee
807   0000              	GLOBAL __strtoi_
808   0000              	GLOBAL __random_uniform_xor_8__fastcall
809   0000              	GLOBAL __random_uniform_xor_8_
810   0000              	GLOBAL __random_uniform_xor_32__fastcall
811   0000              	GLOBAL __random_uniform_xor_32_
812   0000              	GLOBAL __random_uniform_cmwc_8__fastcall
813   0000              	GLOBAL __random_uniform_cmwc_8_
814   0000              	GLOBAL __shellsort__callee
815   0000              	GLOBAL __shellsort_
816   0000              	GLOBAL __quicksort__callee
817   0000              	GLOBAL __quicksort_
818   0000              	GLOBAL __insertion_sort__callee
819   0000              	GLOBAL __insertion_sort_
820   0000              	GLOBAL __ldivu__callee
821   0000              	GLOBAL __ldivu_
822   0000              	GLOBAL __ldiv__callee
823   0000              	GLOBAL __ldiv_
824   0000              	GLOBAL __divu__callee
825   0000              	GLOBAL __divu_
826   0000              	GLOBAL __div__callee
827   0000              	GLOBAL __div_
828   0000              	GLOBAL _in_mouse_kempston_wheel_delta
829   0000              	GLOBAL _in_mouse_kempston_wheel
830   0000              	GLOBAL _in_mouse_kempston_callee
831   0000              	GLOBAL _in_mouse_kempston
832   0000              	GLOBAL _in_mouse_kempston_setpos_callee
833   0000              	GLOBAL _in_mouse_kempston_setpos
834   0000              	GLOBAL _in_mouse_kempston_reset
835   0000              	GLOBAL _in_mouse_kempston_init
836   0000              	GLOBAL _in_mouse_amx_wheel_delta
837   0000              	GLOBAL _in_mouse_amx_wheel
838   0000              	GLOBAL _in_mouse_amx_callee
839   0000              	GLOBAL _in_mouse_amx
840   0000              	GLOBAL _in_mouse_amx_setpos_callee
841   0000              	GLOBAL _in_mouse_amx_setpos
842   0000              	GLOBAL _in_mouse_amx_reset
843   0000              	GLOBAL _in_mouse_amx_init_callee
844   0000              	GLOBAL _in_mouse_amx_init
845   0000              	GLOBAL _in_stick_sinclair2
846   0000              	GLOBAL _in_stick_sinclair1
847   0000              	GLOBAL _in_stick_kempston
848   0000              	GLOBAL _in_stick_fuller
849   0000              	GLOBAL _in_stick_cursor
850   0000              	GLOBAL _in_stick_keyboard_fastcall
851   0000              	GLOBAL _in_stick_keyboard
852   0000              	GLOBAL _in_wait_nokey
853   0000              	GLOBAL _in_wait_key
854   0000              	GLOBAL _in_test_key
855   0000              	GLOBAL _in_pause_fastcall
856   0000              	GLOBAL _in_pause
857   0000              	GLOBAL _in_key_scancode_fastcall
858   0000              	GLOBAL _in_key_scancode
859   0000              	GLOBAL _in_key_pressed_fastcall
860   0000              	GLOBAL _in_key_pressed
861   0000              	GLOBAL _in_inkey
862   0000              	GLOBAL _sp1_struct_ss_prototype
863   0000              	GLOBAL _sp1_struct_cs_prototype
864   0000              	GLOBAL _GLOBAL_ZX_PORT_7FFD
865   0000              	GLOBAL _GLOBAL_ZX_PORT_1FFD
866   0000              	GLOBAL _GLOBAL_ZX_PORT_FE
867   0000              ;--------------------------------------------------------
868   0000              ; special function registers
869   0000              ;--------------------------------------------------------
870   0000              defc _IO_FE	=	0x00fe
871   0000              defc _IO_1FFD	=	0x1ffd
872   0000              defc _IO_7FFD	=	0x7ffd
873   0000              ;--------------------------------------------------------
874   0000              ; ram data
875   0000              ;--------------------------------------------------------
876   0000              	SECTION bss_compiler
877   0000              _spriteColor:
878   0000  00          	DEFS 1
879   0001              ;--------------------------------------------------------
880   0001              ; ram data
881   0001              ;--------------------------------------------------------
882   0001              
883   0001              IF 0
884   0001              
885   0001              ; .area _INITIALIZED removed by z88dk
886   0001              
887   0001              
888   0001              ENDIF
889   0001              
890   0001              ;--------------------------------------------------------
891   0001              ; absolute external ram data
892   0001              ;--------------------------------------------------------
893   0001              	SECTION IGNORE
894   0000              ;--------------------------------------------------------
895   0000              ; global & static initialisations
896   0000              ;--------------------------------------------------------
897   0000              	SECTION code_crt_init
898   0000              ;--------------------------------------------------------
899   0000              ; Home
900   0000              ;--------------------------------------------------------
901   0000              	SECTION IGNORE
902   0000              ;--------------------------------------------------------
903   0000              ; code
904   0000              ;--------------------------------------------------------
905   0000              	SECTION code_compiler
906   0000              ;	---------------------------------
907   0000              ; Function initGfxEngine
908   0000              ; ---------------------------------
909   0000              _initGfxEngine:
910   0000  2E 00       	ld	l,0x00
911   0002  CD 00 00    	call	_zx_border_fastcall
912   0005  21 20 00    	ld	hl,0x0020
913   0008  E5          	push	hl
914   0009  2E 38       	ld	l,0x38
915   000B  E5          	push	hl
916   000C  2E 07       	ld	l,0x07
917   000E  E5          	push	hl
918   000F  CD 00 00    	call	_sp1_Initialize_callee
919   0012  21 08 00    	ld	hl,_emptyTile
920   0015  E5          	push	hl
921   0016  21 20 00    	ld	hl,0x0020
922   0019  E5          	push	hl
923   001A  CD 00 00    	call	_sp1_TileEntry_callee
924   001D  C9          	ret
925   001E              	SECTION rodata_compiler
926   0000              _dotTile:
927   0000  00          	DEFB +0x00
928   0001  00          	DEFB +0x00
929   0002  3C          	DEFB +0x3c
930   0003  3C          	DEFB +0x3c
931   0004  3C          	DEFB +0x3c
932   0005  3C          	DEFB +0x3c
933   0006  00          	DEFB +0x00
934   0007  00          	DEFB +0x00
935   0008              _emptyTile:
936   0008  FE          	DEFB +0xfe
937   0009  FF          	DEFB +0xff
938   000A  FF          	DEFB +0xff
939   000B  FF          	DEFB +0xff
940   000C  EF          	DEFB +0xef
941   000D  FF          	DEFB +0xff
942   000E  FF          	DEFB +0xff
943   000F  FF          	DEFB +0xff
944   0010              _wallTile:
945   0010  00          	DEFB +0x00
946   0011  DF          	DEFB +0xdf
947   0012  8A          	DEFB +0x8a
948   0013  55          	DEFB +0x55
949   0014  00          	DEFB +0x00
950   0015  FB          	DEFB +0xfb
951   0016  51          	DEFB +0x51
952   0017  AA          	DEFB +0xaa
953   0018              _screen:
954   0018  00          	DEFB +0x00
955   0019  00          	DEFB +0x00
956   001A  20          	DEFB +0x20
957   001B  18          	DEFB +0x18
958   001C              	SECTION code_compiler
959   001E              ;	---------------------------------
960   001E              ; Function updateGfx
961   001E              ; ---------------------------------
962   001E              _updateGfx:
963   001E  21 18 00    	ld	hl,_screen
964   0021  CD 00 00    	call	_sp1_Invalidate_fastcall
965   0024  C3 00 00    	jp	_sp1_UpdateNow
966   0027              	SECTION code_compiler
967   0027              ;	---------------------------------
968   0027              ; Function colorizeSprite
969   0027              ; ---------------------------------
970   0027              _colorizeSprite:
971   0027  CD 00 00    	call	___sdcc_enter_ix
972   002A  DD 4E 06    	ld	c,(ix+6)
973   002D  DD 46 07    	ld	b,(ix+7)
974   0030  21 06 00    	ld	hl,0x0006
975   0033  09          	add	hl, bc
976   0034  36 C0       	ld	(hl),0xc0
977   0036  21 07 00    	ld	hl,0x0007
978   0039  09          	add	hl, bc
979   003A  EB          	ex	de, hl
980   003B  3A 00 00    	ld	a,(_spriteColor)
981   003E  12          	ld	(de), a
982   003F  DD E1       	pop	ix
983   0041  C9          	ret
984   0042              	SECTION code_compiler
985   0042              ;	---------------------------------
986   0042              ; Function createSprite
987   0042              ; ---------------------------------
988   0042              _createSprite:
989   0042  CD 00 00    	call	___sdcc_enter_ix
990   0045  01 00 00    	ld	bc,_SP1_DRAW_MASK2LB
991   0048  21 00 00    	ld	hl,0x0000
992   004B  E5          	push	hl
993   004C  6C          	ld	l, h
994   004D  E5          	push	hl
995   004E  2E 03       	ld	l,0x03
996   0050  E5          	push	hl
997   0051  2E 40       	ld	l,0x40
998   0053  E5          	push	hl
999   0054  C5          	push	bc
1000  0055  CD 00 00    	call	_sp1_CreateSpr_callee
1001  0058  EB          	ex	de, hl
1002  0059  01 00 00    	ld	bc,_SP1_DRAW_MASK2
1003  005C  D5          	push	de
1004  005D  21 00 00    	ld	hl,0x0000
1005  0060  E5          	push	hl
1006  0061  2E 30       	ld	l,0x30
1007  0063  E5          	push	hl
1008  0064  6C          	ld	l, h
1009  0065  E5          	push	hl
1010  0066  C5          	push	bc
1011  0067  D5          	push	de
1012  0068  CD 00 00    	call	_sp1_AddColSpr_callee
1013  006B  D1          	pop	de
1014  006C  01 00 00    	ld	bc,_SP1_DRAW_MASK2RB
1015  006F  D5          	push	de
1016  0070  21 00 00    	ld	hl,0x0000
1017  0073  E5          	push	hl
1018  0074  6C          	ld	l, h
1019  0075  E5          	push	hl
1020  0076  6C          	ld	l, h
1021  0077  E5          	push	hl
1022  0078  C5          	push	bc
1023  0079  D5          	push	de
1024  007A  CD 00 00    	call	_sp1_AddColSpr_callee
1025  007D  D1          	pop	de
1026  007E  DD 7E 04    	ld	a,(ix+4)
1027  0081  32 00 00    	ld	(_spriteColor),a
1028  0084  01 27 00    	ld	bc,_colorizeSprite
1029  0087  D5          	push	de
1030  0088  C5          	push	bc
1031  0089  D5          	push	de
1032  008A  CD 00 00    	call	_sp1_IterateSprChar_callee
1033  008D  E1          	pop	hl
1034  008E  DD E1       	pop	ix
1035  0090  C9          	ret
1036  0091              	SECTION code_compiler
1037  0091              ;	---------------------------------
1038  0091              ; Function placeSprite
1039  0091              ; ---------------------------------
1040  0091              _placeSprite:
1041  0091  CD 00 00    	call	___sdcc_enter_ix
1042  0094  DD 4E 06    	ld	c,(ix+6)
1043  0097  DD 46 07    	ld	b,(ix+7)
1044  009A  21 00 00    	ld	hl,0x0000
1045  009D  E5          	push	hl
1046  009E  6C          	ld	l, h
1047  009F  E5          	push	hl
1048  00A0  21 08 00    	ld	hl,8
1049  00A3  CD 00 00    	call	____sdcc_4_push_hlix
1050  00A6  C5          	push	bc
1051  00A7  21 18 00    	ld	hl,_screen
1052  00AA  E5          	push	hl
1053  00AB  DD 6E 04    	ld	l,(ix+4)
1054  00AE  DD 66 05    	ld	h,(ix+5)
1055  00B1  E5          	push	hl
1056  00B2  CD 00 00    	call	_sp1_MoveSprAbs_callee
1057  00B5  DD E1       	pop	ix
1058  00B7  C9          	ret
1059  00B8              	SECTION code_compiler
1060  00B8              ;	---------------------------------
1061  00B8              ; Function moveSprite
1062  00B8              ; ---------------------------------
1063  00B8              _moveSprite:
1064  00B8  CD 00 00    	call	___sdcc_enter_ix
1065  00BB  DD 4E 06    	ld	c,(ix+6)
1066  00BE  DD 46 07    	ld	b,(ix+7)
1067  00C1  21 08 00    	ld	hl,8
1068  00C4  CD 00 00    	call	____sdcc_4_push_hlix
1069  00C7  21 00 00    	ld	hl,0x0000
1070  00CA  E5          	push	hl
1071  00CB  6C          	ld	l, h
1072  00CC  E5          	push	hl
1073  00CD  C5          	push	bc
1074  00CE  21 18 00    	ld	hl,_screen
1075  00D1  E5          	push	hl
1076  00D2  DD 6E 04    	ld	l,(ix+4)
1077  00D5  DD 66 05    	ld	h,(ix+5)
1078  00D8  E5          	push	hl
1079  00D9  CD 00 00    	call	_sp1_MoveSprRel_callee
1080  00DC  DD E1       	pop	ix
1081  00DE  C9          	ret
1082  00DF              	SECTION IGNORE
1083  0000              
