1     0000              MODULE scene_c
2     0000              LINE 0, "src/scene.c"
0     0000              
1     0000              ;--------------------------------------------------------
2     0000              ; File Created by SDCC : free open source ANSI-C Compiler
3     0000              ; Version 4.0.7 #12036 (MINGW64)
4     0000              ;--------------------------------------------------------
5     0000              ; Processed by Z88DK
6     0000              ;--------------------------------------------------------
7     0000              
8     0000              	EXTERN __divschar
9     0000              	EXTERN __divschar_callee
10    0000              	EXTERN __divsint
11    0000              	EXTERN __divsint_callee
12    0000              	EXTERN __divslong
13    0000              	EXTERN __divslong_callee
14    0000              	EXTERN __divslonglong
15    0000              	EXTERN __divslonglong_callee
16    0000              	EXTERN __divsuchar
17    0000              	EXTERN __divsuchar_callee
18    0000              	EXTERN __divuchar
19    0000              	EXTERN __divuchar_callee
20    0000              	EXTERN __divuint
21    0000              	EXTERN __divuint_callee
22    0000              	EXTERN __divulong
23    0000              	EXTERN __divulong_callee
24    0000              	EXTERN __divulonglong
25    0000              	EXTERN __divulonglong_callee
26    0000              	EXTERN __divuschar
27    0000              	EXTERN __divuschar_callee
28    0000              	EXTERN __modschar
29    0000              	EXTERN __modschar_callee
30    0000              	EXTERN __modsint
31    0000              	EXTERN __modsint_callee
32    0000              	EXTERN __modslong
33    0000              	EXTERN __modslong_callee
34    0000              	EXTERN __modslonglong
35    0000              	EXTERN __modslonglong_callee
36    0000              	EXTERN __modsuchar
37    0000              	EXTERN __modsuchar_callee
38    0000              	EXTERN __moduchar
39    0000              	EXTERN __moduchar_callee
40    0000              	EXTERN __moduint
41    0000              	EXTERN __moduint_callee
42    0000              	EXTERN __modulong
43    0000              	EXTERN __modulong_callee
44    0000              	EXTERN __modulonglong
45    0000              	EXTERN __modulonglong_callee
46    0000              	EXTERN __moduschar
47    0000              	EXTERN __moduschar_callee
48    0000              	EXTERN __mulint
49    0000              	EXTERN __mulint_callee
50    0000              	EXTERN __mullong
51    0000              	EXTERN __mullong_callee
52    0000              	EXTERN __mullonglong
53    0000              	EXTERN __mullonglong_callee
54    0000              	EXTERN __mulschar
55    0000              	EXTERN __mulschar_callee
56    0000              	EXTERN __mulsuchar
57    0000              	EXTERN __mulsuchar_callee
58    0000              	EXTERN __muluchar
59    0000              	EXTERN __muluchar_callee
60    0000              	EXTERN __muluschar
61    0000              	EXTERN __muluschar_callee
62    0000              	EXTERN __rlslonglong
63    0000              	EXTERN __rlslonglong_callee
64    0000              	EXTERN __rlulonglong
65    0000              	EXTERN __rlulonglong_callee
66    0000              	EXTERN __rrslonglong
67    0000              	EXTERN __rrslonglong_callee
68    0000              	EXTERN __rrulonglong
69    0000              	EXTERN __rrulonglong_callee
70    0000              	EXTERN ___sdcc_call_hl
71    0000              	EXTERN ___sdcc_call_iy
72    0000              	EXTERN ___sdcc_enter_ix
73    0000              	EXTERN banked_call
74    0000              	EXTERN _banked_ret
75    0000              	EXTERN ___fs2schar
76    0000              	EXTERN ___fs2schar_callee
77    0000              	EXTERN ___fs2sint
78    0000              	EXTERN ___fs2sint_callee
79    0000              	EXTERN ___fs2slong
80    0000              	EXTERN ___fs2slong_callee
81    0000              	EXTERN ___fs2slonglong
82    0000              	EXTERN ___fs2slonglong_callee
83    0000              	EXTERN ___fs2uchar
84    0000              	EXTERN ___fs2uchar_callee
85    0000              	EXTERN ___fs2uint
86    0000              	EXTERN ___fs2uint_callee
87    0000              	EXTERN ___fs2ulong
88    0000              	EXTERN ___fs2ulong_callee
89    0000              	EXTERN ___fs2ulonglong
90    0000              	EXTERN ___fs2ulonglong_callee
91    0000              	EXTERN ___fsadd
92    0000              	EXTERN ___fsadd_callee
93    0000              	EXTERN ___fsdiv
94    0000              	EXTERN ___fsdiv_callee
95    0000              	EXTERN ___fseq
96    0000              	EXTERN ___fseq_callee
97    0000              	EXTERN ___fsgt
98    0000              	EXTERN ___fsgt_callee
99    0000              	EXTERN ___fslt
100   0000              	EXTERN ___fslt_callee
101   0000              	EXTERN ___fsmul
102   0000              	EXTERN ___fsmul_callee
103   0000              	EXTERN ___fsneq
104   0000              	EXTERN ___fsneq_callee
105   0000              	EXTERN ___fssub
106   0000              	EXTERN ___fssub_callee
107   0000              	EXTERN ___schar2fs
108   0000              	EXTERN ___schar2fs_callee
109   0000              	EXTERN ___sint2fs
110   0000              	EXTERN ___sint2fs_callee
111   0000              	EXTERN ___slong2fs
112   0000              	EXTERN ___slong2fs_callee
113   0000              	EXTERN ___slonglong2fs
114   0000              	EXTERN ___slonglong2fs_callee
115   0000              	EXTERN ___uchar2fs
116   0000              	EXTERN ___uchar2fs_callee
117   0000              	EXTERN ___uint2fs
118   0000              	EXTERN ___uint2fs_callee
119   0000              	EXTERN ___ulong2fs
120   0000              	EXTERN ___ulong2fs_callee
121   0000              	EXTERN ___ulonglong2fs
122   0000              	EXTERN ___ulonglong2fs_callee
123   0000              	EXTERN ____sdcc_2_copy_src_mhl_dst_deix
124   0000              	EXTERN ____sdcc_2_copy_src_mhl_dst_bcix
125   0000              	EXTERN ____sdcc_4_copy_src_mhl_dst_deix
126   0000              	EXTERN ____sdcc_4_copy_src_mhl_dst_bcix
127   0000              	EXTERN ____sdcc_4_copy_src_mhl_dst_mbc
128   0000              	EXTERN ____sdcc_4_ldi_nosave_bc
129   0000              	EXTERN ____sdcc_4_ldi_save_bc
130   0000              	EXTERN ____sdcc_4_push_hlix
131   0000              	EXTERN ____sdcc_4_push_mhl
132   0000              	EXTERN ____sdcc_lib_setmem_hl
133   0000              	EXTERN ____sdcc_ll_add_de_bc_hl
134   0000              	EXTERN ____sdcc_ll_add_de_bc_hlix
135   0000              	EXTERN ____sdcc_ll_add_de_hlix_bc
136   0000              	EXTERN ____sdcc_ll_add_de_hlix_bcix
137   0000              	EXTERN ____sdcc_ll_add_deix_bc_hl
138   0000              	EXTERN ____sdcc_ll_add_deix_hlix
139   0000              	EXTERN ____sdcc_ll_add_hlix_bc_deix
140   0000              	EXTERN ____sdcc_ll_add_hlix_deix_bc
141   0000              	EXTERN ____sdcc_ll_add_hlix_deix_bcix
142   0000              	EXTERN ____sdcc_ll_asr_hlix_a
143   0000              	EXTERN ____sdcc_ll_asr_mbc_a
144   0000              	EXTERN ____sdcc_ll_copy_src_de_dst_hlix
145   0000              	EXTERN ____sdcc_ll_copy_src_de_dst_hlsp
146   0000              	EXTERN ____sdcc_ll_copy_src_deix_dst_hl
147   0000              	EXTERN ____sdcc_ll_copy_src_deix_dst_hlix
148   0000              	EXTERN ____sdcc_ll_copy_src_deixm_dst_hlsp
149   0000              	EXTERN ____sdcc_ll_copy_src_desp_dst_hlsp
150   0000              	EXTERN ____sdcc_ll_copy_src_hl_dst_de
151   0000              	EXTERN ____sdcc_ll_copy_src_hlsp_dst_de
152   0000              	EXTERN ____sdcc_ll_copy_src_hlsp_dst_deixm
153   0000              	EXTERN ____sdcc_ll_lsl_hlix_a
154   0000              	EXTERN ____sdcc_ll_lsl_mbc_a
155   0000              	EXTERN ____sdcc_ll_lsr_hlix_a
156   0000              	EXTERN ____sdcc_ll_lsr_mbc_a
157   0000              	EXTERN ____sdcc_ll_push_hlix
158   0000              	EXTERN ____sdcc_ll_push_mhl
159   0000              	EXTERN ____sdcc_ll_sub_de_bc_hl
160   0000              	EXTERN ____sdcc_ll_sub_de_bc_hlix
161   0000              	EXTERN ____sdcc_ll_sub_de_hlix_bc
162   0000              	EXTERN ____sdcc_ll_sub_de_hlix_bcix
163   0000              	EXTERN ____sdcc_ll_sub_deix_bc_hl
164   0000              	EXTERN ____sdcc_ll_sub_deix_hlix
165   0000              	EXTERN ____sdcc_ll_sub_hlix_bc_deix
166   0000              	EXTERN ____sdcc_ll_sub_hlix_deix_bc
167   0000              	EXTERN ____sdcc_ll_sub_hlix_deix_bcix
168   0000              	EXTERN ____sdcc_load_debc_deix
169   0000              	EXTERN ____sdcc_load_dehl_deix
170   0000              	EXTERN ____sdcc_load_debc_mhl
171   0000              	EXTERN ____sdcc_load_hlde_mhl
172   0000              	EXTERN ____sdcc_store_dehl_bcix
173   0000              	EXTERN ____sdcc_store_debc_hlix
174   0000              	EXTERN ____sdcc_store_debc_mhl
175   0000              	EXTERN ____sdcc_cpu_pop_ei
176   0000              	EXTERN ____sdcc_cpu_pop_ei_jp
177   0000              	EXTERN ____sdcc_cpu_push_di
178   0000              	EXTERN ____sdcc_outi
179   0000              	EXTERN ____sdcc_outi_128
180   0000              	EXTERN ____sdcc_outi_256
181   0000              	EXTERN ____sdcc_ldi
182   0000              	EXTERN ____sdcc_ldi_128
183   0000              	EXTERN ____sdcc_ldi_256
184   0000              	EXTERN ____sdcc_4_copy_srcd_hlix_dst_deix
185   0000              	EXTERN ____sdcc_4_and_src_mbc_mhl_dst_deix
186   0000              	EXTERN ____sdcc_4_or_src_mbc_mhl_dst_deix
187   0000              	EXTERN ____sdcc_4_xor_src_mbc_mhl_dst_deix
188   0000              	EXTERN ____sdcc_4_or_src_dehl_dst_bcix
189   0000              	EXTERN ____sdcc_4_xor_src_dehl_dst_bcix
190   0000              	EXTERN ____sdcc_4_and_src_dehl_dst_bcix
191   0000              	EXTERN ____sdcc_4_xor_src_mbc_mhl_dst_debc
192   0000              	EXTERN ____sdcc_4_or_src_mbc_mhl_dst_debc
193   0000              	EXTERN ____sdcc_4_and_src_mbc_mhl_dst_debc
194   0000              	EXTERN ____sdcc_4_cpl_src_mhl_dst_debc
195   0000              	EXTERN ____sdcc_4_xor_src_debc_mhl_dst_debc
196   0000              	EXTERN ____sdcc_4_or_src_debc_mhl_dst_debc
197   0000              	EXTERN ____sdcc_4_and_src_debc_mhl_dst_debc
198   0000              	EXTERN ____sdcc_4_and_src_debc_hlix_dst_debc
199   0000              	EXTERN ____sdcc_4_or_src_debc_hlix_dst_debc
200   0000              	EXTERN ____sdcc_4_xor_src_debc_hlix_dst_debc
201   0000              
202   0000              ;--------------------------------------------------------
203   0000              ; Public variables in this module
204   0000              ;--------------------------------------------------------
205   0000              	GLOBAL _playerCoords
206   0000              	GLOBAL _getPlayerCoords
207   0000              	GLOBAL _drawScene
208   0000              	GLOBAL _isTileWalkable
209   0000              ;--------------------------------------------------------
210   0000              ; Externals used
211   0000              ;--------------------------------------------------------
212   0000              	GLOBAL _moveSprite
213   0000              	GLOBAL _placeSprite
214   0000              	GLOBAL _createSprite
215   0000              	GLOBAL _colorizeSprites
216   0000              	GLOBAL _updateGfx
217   0000              	GLOBAL _initGfxEngine
218   0000              	GLOBAL _intrinsic_swap_word_32_fastcall
219   0000              	GLOBAL _intrinsic_swap_word_32
220   0000              	GLOBAL _intrinsic_swap_endian_32_fastcall
221   0000              	GLOBAL _intrinsic_swap_endian_32
222   0000              	GLOBAL _intrinsic_swap_endian_16_fastcall
223   0000              	GLOBAL _intrinsic_swap_endian_16
224   0000              	GLOBAL _intrinsic_return_de
225   0000              	GLOBAL _intrinsic_return_bc
226   0000              	GLOBAL _intrinsic_exx
227   0000              	GLOBAL _intrinsic_ex_de_hl
228   0000              	GLOBAL _intrinsic_nop
229   0000              	GLOBAL _intrinsic_im_2
230   0000              	GLOBAL _intrinsic_im_1
231   0000              	GLOBAL _intrinsic_im_0
232   0000              	GLOBAL _intrinsic_retn
233   0000              	GLOBAL _intrinsic_reti
234   0000              	GLOBAL _intrinsic_halt
235   0000              	GLOBAL _intrinsic_ei
236   0000              	GLOBAL _intrinsic_di
237   0000              	GLOBAL _intrinsic_stub
238   0000              	GLOBAL _intrinsic_ini
239   0000              	GLOBAL _intrinsic_outi
240   0000              	GLOBAL _intrinsic_ldi
241   0000              	GLOBAL _ffsll_callee
242   0000              	GLOBAL _ffsll
243   0000              	GLOBAL _strxfrm_callee
244   0000              	GLOBAL _strxfrm
245   0000              	GLOBAL _strupr_fastcall
246   0000              	GLOBAL _strupr
247   0000              	GLOBAL _strtok_r_callee
248   0000              	GLOBAL _strtok_r
249   0000              	GLOBAL _strtok_callee
250   0000              	GLOBAL _strtok
251   0000              	GLOBAL _strstrip_fastcall
252   0000              	GLOBAL _strstrip
253   0000              	GLOBAL _strstr_callee
254   0000              	GLOBAL _strstr
255   0000              	GLOBAL _strspn_callee
256   0000              	GLOBAL _strspn
257   0000              	GLOBAL _strsep_callee
258   0000              	GLOBAL _strsep
259   0000              	GLOBAL _strrstrip_fastcall
260   0000              	GLOBAL _strrstrip
261   0000              	GLOBAL _strrstr_callee
262   0000              	GLOBAL _strrstr
263   0000              	GLOBAL _strrspn_callee
264   0000              	GLOBAL _strrspn
265   0000              	GLOBAL _strrev_fastcall
266   0000              	GLOBAL _strrev
267   0000              	GLOBAL _strrcspn_callee
268   0000              	GLOBAL _strrcspn
269   0000              	GLOBAL _strrchr_callee
270   0000              	GLOBAL _strrchr
271   0000              	GLOBAL _strpbrk_callee
272   0000              	GLOBAL _strpbrk
273   0000              	GLOBAL _strnlen_callee
274   0000              	GLOBAL _strnlen
275   0000              	GLOBAL _strnicmp_callee
276   0000              	GLOBAL _strnicmp
277   0000              	GLOBAL _strndup_callee
278   0000              	GLOBAL _strndup
279   0000              	GLOBAL _strncpy_callee
280   0000              	GLOBAL _strncpy
281   0000              	GLOBAL _strncmp_callee
282   0000              	GLOBAL _strncmp
283   0000              	GLOBAL _strnchr_callee
284   0000              	GLOBAL _strnchr
285   0000              	GLOBAL _strncat_callee
286   0000              	GLOBAL _strncat
287   0000              	GLOBAL _strncasecmp_callee
288   0000              	GLOBAL _strncasecmp
289   0000              	GLOBAL _strlwr_fastcall
290   0000              	GLOBAL _strlwr
291   0000              	GLOBAL _strlen_fastcall
292   0000              	GLOBAL _strlen
293   0000              	GLOBAL _strlcpy_callee
294   0000              	GLOBAL _strlcpy
295   0000              	GLOBAL _strlcat_callee
296   0000              	GLOBAL _strlcat
297   0000              	GLOBAL _stricmp_callee
298   0000              	GLOBAL _stricmp
299   0000              	GLOBAL _strerror_fastcall
300   0000              	GLOBAL _strerror
301   0000              	GLOBAL _strdup_fastcall
302   0000              	GLOBAL _strdup
303   0000              	GLOBAL _strcspn_callee
304   0000              	GLOBAL _strcspn
305   0000              	GLOBAL _strcpy_callee
306   0000              	GLOBAL _strcpy
307   0000              	GLOBAL _strcoll_callee
308   0000              	GLOBAL _strcoll
309   0000              	GLOBAL _strcmp_callee
310   0000              	GLOBAL _strcmp
311   0000              	GLOBAL _strchrnul_callee
312   0000              	GLOBAL _strchrnul
313   0000              	GLOBAL _strchr_callee
314   0000              	GLOBAL _strchr
315   0000              	GLOBAL _strcat_callee
316   0000              	GLOBAL _strcat
317   0000              	GLOBAL _strcasecmp_callee
318   0000              	GLOBAL _strcasecmp
319   0000              	GLOBAL _stpncpy_callee
320   0000              	GLOBAL _stpncpy
321   0000              	GLOBAL _stpcpy_callee
322   0000              	GLOBAL _stpcpy
323   0000              	GLOBAL _memswap_callee
324   0000              	GLOBAL _memswap
325   0000              	GLOBAL _memset_callee
326   0000              	GLOBAL _memset
327   0000              	GLOBAL _memrchr_callee
328   0000              	GLOBAL _memrchr
329   0000              	GLOBAL _memmove_callee
330   0000              	GLOBAL _memmove
331   0000              	GLOBAL _memmem_callee
332   0000              	GLOBAL _memmem
333   0000              	GLOBAL _memcpy_callee
334   0000              	GLOBAL _memcpy
335   0000              	GLOBAL _memcmp_callee
336   0000              	GLOBAL _memcmp
337   0000              	GLOBAL _memchr_callee
338   0000              	GLOBAL _memchr
339   0000              	GLOBAL _memccpy_callee
340   0000              	GLOBAL _memccpy
341   0000              	GLOBAL _ffsl_fastcall
342   0000              	GLOBAL _ffsl
343   0000              	GLOBAL _ffs_fastcall
344   0000              	GLOBAL _ffs
345   0000              	GLOBAL __strrstrip__fastcall
346   0000              	GLOBAL __strrstrip_
347   0000              	GLOBAL __memupr__callee
348   0000              	GLOBAL __memupr_
349   0000              	GLOBAL __memstrcpy__callee
350   0000              	GLOBAL __memstrcpy_
351   0000              	GLOBAL __memlwr__callee
352   0000              	GLOBAL __memlwr_
353   0000              	GLOBAL _rawmemchr_callee
354   0000              	GLOBAL _rawmemchr
355   0000              	GLOBAL _strnset_callee
356   0000              	GLOBAL _strnset
357   0000              	GLOBAL _strset_callee
358   0000              	GLOBAL _strset
359   0000              	GLOBAL _rindex_callee
360   0000              	GLOBAL _rindex
361   0000              	GLOBAL _index_callee
362   0000              	GLOBAL _index
363   0000              	GLOBAL _bzero_callee
364   0000              	GLOBAL _bzero
365   0000              	GLOBAL _bcopy_callee
366   0000              	GLOBAL _bcopy
367   0000              	GLOBAL _bcmp_callee
368   0000              	GLOBAL _bcmp
369   0000              	GLOBAL _bfx_57
370   0000              	GLOBAL _bfx_56
371   0000              	GLOBAL _bfx_55
372   0000              	GLOBAL _bfx_54
373   0000              	GLOBAL _bfx_53
374   0000              	GLOBAL _bfx_52
375   0000              	GLOBAL _bfx_51
376   0000              	GLOBAL _bfx_50
377   0000              	GLOBAL _bfx_49
378   0000              	GLOBAL _bfx_48
379   0000              	GLOBAL _bfx_47
380   0000              	GLOBAL _bfx_46
381   0000              	GLOBAL _bfx_45
382   0000              	GLOBAL _bfx_44
383   0000              	GLOBAL _bfx_43
384   0000              	GLOBAL _bfx_42
385   0000              	GLOBAL _bfx_41
386   0000              	GLOBAL _bfx_40
387   0000              	GLOBAL _bfx_39
388   0000              	GLOBAL _bfx_38
389   0000              	GLOBAL _bfx_37
390   0000              	GLOBAL _bfx_36
391   0000              	GLOBAL _bfx_35
392   0000              	GLOBAL _bfx_34
393   0000              	GLOBAL _bfx_33
394   0000              	GLOBAL _bfx_32
395   0000              	GLOBAL _bfx_31
396   0000              	GLOBAL _bfx_30
397   0000              	GLOBAL _bfx_29
398   0000              	GLOBAL _bfx_28
399   0000              	GLOBAL _bfx_27
400   0000              	GLOBAL _bfx_26
401   0000              	GLOBAL _bfx_25
402   0000              	GLOBAL _bfx_24
403   0000              	GLOBAL _bfx_23
404   0000              	GLOBAL _bfx_22
405   0000              	GLOBAL _bfx_21
406   0000              	GLOBAL _bfx_20
407   0000              	GLOBAL _bfx_19
408   0000              	GLOBAL _bfx_18
409   0000              	GLOBAL _bfx_17
410   0000              	GLOBAL _bfx_16
411   0000              	GLOBAL _bfx_15
412   0000              	GLOBAL _bfx_14
413   0000              	GLOBAL _bfx_13
414   0000              	GLOBAL _bfx_12
415   0000              	GLOBAL _bfx_11
416   0000              	GLOBAL _bfx_10
417   0000              	GLOBAL _bfx_9
418   0000              	GLOBAL _bfx_8
419   0000              	GLOBAL _bfx_7
420   0000              	GLOBAL _bfx_6
421   0000              	GLOBAL _bfx_5
422   0000              	GLOBAL _bfx_4
423   0000              	GLOBAL _bfx_3
424   0000              	GLOBAL _bfx_2
425   0000              	GLOBAL _bfx_1
426   0000              	GLOBAL _bfx_0
427   0000              	GLOBAL _bitfx_31
428   0000              	GLOBAL _bitfx_30
429   0000              	GLOBAL _bitfx_29
430   0000              	GLOBAL _bitfx_28
431   0000              	GLOBAL _bitfx_27
432   0000              	GLOBAL _bitfx_26
433   0000              	GLOBAL _bitfx_25
434   0000              	GLOBAL _bitfx_24
435   0000              	GLOBAL _bitfx_23
436   0000              	GLOBAL _bitfx_22
437   0000              	GLOBAL _bitfx_21
438   0000              	GLOBAL _bitfx_20
439   0000              	GLOBAL _bitfx_19
440   0000              	GLOBAL _bitfx_18
441   0000              	GLOBAL _bitfx_17
442   0000              	GLOBAL _bitfx_16
443   0000              	GLOBAL _bitfx_15
444   0000              	GLOBAL _bitfx_14
445   0000              	GLOBAL _bitfx_13
446   0000              	GLOBAL _bitfx_12
447   0000              	GLOBAL _bitfx_11
448   0000              	GLOBAL _bitfx_10
449   0000              	GLOBAL _bitfx_9
450   0000              	GLOBAL _bitfx_8
451   0000              	GLOBAL _bitfx_7
452   0000              	GLOBAL _bitfx_6
453   0000              	GLOBAL _bitfx_5
454   0000              	GLOBAL _bitfx_4
455   0000              	GLOBAL _bitfx_3
456   0000              	GLOBAL _bitfx_2
457   0000              	GLOBAL _bitfx_1
458   0000              	GLOBAL _bitfx_0
459   0000              	GLOBAL _bit_synth_di_callee
460   0000              	GLOBAL _bit_synth_di
461   0000              	GLOBAL _bit_play_tritone_di_fastcall
462   0000              	GLOBAL _bit_play_tritone_di
463   0000              	GLOBAL _bit_play_di_fastcall
464   0000              	GLOBAL _bit_play_di
465   0000              	GLOBAL _bit_beepfx_di_fastcall
466   0000              	GLOBAL _bit_beepfx_di
467   0000              	GLOBAL _bit_fx_di_fastcall
468   0000              	GLOBAL _bit_fx_di
469   0000              	GLOBAL _bit_click_di
470   0000              	GLOBAL _bit_beep_raw_di_callee
471   0000              	GLOBAL _bit_beep_raw_di
472   0000              	GLOBAL _bit_beep_di_callee
473   0000              	GLOBAL _bit_beep_di
474   0000              	GLOBAL _bit_synth_callee
475   0000              	GLOBAL _bit_synth
476   0000              	GLOBAL _bit_play_tritone_fastcall
477   0000              	GLOBAL _bit_play_tritone
478   0000              	GLOBAL _bit_play_fastcall
479   0000              	GLOBAL _bit_play
480   0000              	GLOBAL _bit_beepfx_fastcall
481   0000              	GLOBAL _bit_beepfx
482   0000              	GLOBAL _bit_fx_fastcall
483   0000              	GLOBAL _bit_fx
484   0000              	GLOBAL _bit_click
485   0000              	GLOBAL _bit_beep_raw_callee
486   0000              	GLOBAL _bit_beep_raw
487   0000              	GLOBAL _bit_beep_callee
488   0000              	GLOBAL _bit_beep
489   0000              	GLOBAL _sp1_Validate_fastcall
490   0000              	GLOBAL _sp1_Validate
491   0000              	GLOBAL _sp1_Invalidate_fastcall
492   0000              	GLOBAL _sp1_Invalidate
493   0000              	GLOBAL _sp1_RestoreUpdateStruct_fastcall
494   0000              	GLOBAL _sp1_RestoreUpdateStruct
495   0000              	GLOBAL _sp1_RemoveUpdateStruct_fastcall
496   0000              	GLOBAL _sp1_RemoveUpdateStruct
497   0000              	GLOBAL _sp1_DrawUpdateStructAlways_fastcall
498   0000              	GLOBAL _sp1_DrawUpdateStructAlways
499   0000              	GLOBAL _sp1_DrawUpdateStructIfNotRem_fastcall
500   0000              	GLOBAL _sp1_DrawUpdateStructIfNotRem
501   0000              	GLOBAL _sp1_DrawUpdateStructIfVal_fastcall
502   0000              	GLOBAL _sp1_DrawUpdateStructIfVal
503   0000              	GLOBAL _sp1_DrawUpdateStructIfInv_fastcall
504   0000              	GLOBAL _sp1_DrawUpdateStructIfInv
505   0000              	GLOBAL _sp1_ValUpdateStruct_fastcall
506   0000              	GLOBAL _sp1_ValUpdateStruct
507   0000              	GLOBAL _sp1_InvUpdateStruct_fastcall
508   0000              	GLOBAL _sp1_InvUpdateStruct
509   0000              	GLOBAL _sp1_IterateUpdateRect_callee
510   0000              	GLOBAL _sp1_IterateUpdateRect
511   0000              	GLOBAL _sp1_IterateUpdateArr_callee
512   0000              	GLOBAL _sp1_IterateUpdateArr
513   0000              	GLOBAL _sp1_GetUpdateStruct_callee
514   0000              	GLOBAL _sp1_GetUpdateStruct
515   0000              	GLOBAL _sp1_UpdateNow
516   0000              	GLOBAL _sp1_Initialize_callee
517   0000              	GLOBAL _sp1_Initialize
518   0000              	GLOBAL _sp1_ClearRectInv_callee
519   0000              	GLOBAL _sp1_ClearRectInv
520   0000              	GLOBAL _sp1_ClearRect_callee
521   0000              	GLOBAL _sp1_ClearRect
522   0000              	GLOBAL _sp1_PutTilesInv_callee
523   0000              	GLOBAL _sp1_PutTilesInv
524   0000              	GLOBAL _sp1_PutTiles_callee
525   0000              	GLOBAL _sp1_PutTiles
526   0000              	GLOBAL _sp1_GetTiles_callee
527   0000              	GLOBAL _sp1_GetTiles
528   0000              	GLOBAL _sp1_SetPrintPos_callee
529   0000              	GLOBAL _sp1_SetPrintPos
530   0000              	GLOBAL _sp1_PrintString_callee
531   0000              	GLOBAL _sp1_PrintString
532   0000              	GLOBAL _sp1_ScreenAttr_callee
533   0000              	GLOBAL _sp1_ScreenAttr
534   0000              	GLOBAL _sp1_ScreenStr_callee
535   0000              	GLOBAL _sp1_ScreenStr
536   0000              	GLOBAL _sp1_PrintAtInv_callee
537   0000              	GLOBAL _sp1_PrintAtInv
538   0000              	GLOBAL _sp1_PrintAt_callee
539   0000              	GLOBAL _sp1_PrintAt
540   0000              	GLOBAL _sp1_TileEntry_callee
541   0000              	GLOBAL _sp1_TileEntry
542   0000              	GLOBAL _sp1_RemoveCharStruct_fastcall
543   0000              	GLOBAL _sp1_RemoveCharStruct
544   0000              	GLOBAL _sp1_InsertCharStruct_callee
545   0000              	GLOBAL _sp1_InsertCharStruct
546   0000              	GLOBAL _sp1_InitCharStruct_callee
547   0000              	GLOBAL _sp1_InitCharStruct
548   0000              	GLOBAL _sp1_PreShiftSpr_callee
549   0000              	GLOBAL _sp1_PreShiftSpr
550   0000              	GLOBAL _sp1_GetSprClr_callee
551   0000              	GLOBAL _sp1_GetSprClr
552   0000              	GLOBAL _sp1_PutSprClr_callee
553   0000              	GLOBAL _sp1_PutSprClr
554   0000              	GLOBAL _sp1_GetSprClrAddr_callee
555   0000              	GLOBAL _sp1_GetSprClrAddr
556   0000              	GLOBAL _sp1_IterateUpdateSpr_callee
557   0000              	GLOBAL _sp1_IterateUpdateSpr
558   0000              	GLOBAL _sp1_IterateSprChar_callee
559   0000              	GLOBAL _sp1_IterateSprChar
560   0000              	GLOBAL _sp1_MoveSprPix_callee
561   0000              	GLOBAL _sp1_MoveSprPix
562   0000              	GLOBAL _sp1_MoveSprRel_callee
563   0000              	GLOBAL _sp1_MoveSprRel
564   0000              	GLOBAL _sp1_MoveSprAbs_callee
565   0000              	GLOBAL _sp1_MoveSprAbs
566   0000              	GLOBAL _sp1_DeleteSpr_fastcall
567   0000              	GLOBAL _sp1_DeleteSpr
568   0000              	GLOBAL _sp1_ChangeSprType_callee
569   0000              	GLOBAL _sp1_ChangeSprType
570   0000              	GLOBAL _sp1_AddColSpr_callee
571   0000              	GLOBAL _sp1_AddColSpr
572   0000              	GLOBAL _sp1_CreateSpr_callee
573   0000              	GLOBAL _sp1_CreateSpr
574   0000              	GLOBAL _SP1_DRAW_ATTR
575   0000              	GLOBAL _SP1_DRAW_LOAD1RBIM
576   0000              	GLOBAL _SP1_DRAW_LOAD1LBIM
577   0000              	GLOBAL _SP1_DRAW_XOR1RB
578   0000              	GLOBAL _SP1_DRAW_XOR1LB
579   0000              	GLOBAL _SP1_DRAW_XOR1NR
580   0000              	GLOBAL _SP1_DRAW_XOR1
581   0000              	GLOBAL _SP1_DRAW_OR1RB
582   0000              	GLOBAL _SP1_DRAW_OR1LB
583   0000              	GLOBAL _SP1_DRAW_OR1NR
584   0000              	GLOBAL _SP1_DRAW_OR1
585   0000              	GLOBAL _SP1_DRAW_LOAD1RB
586   0000              	GLOBAL _SP1_DRAW_LOAD1LB
587   0000              	GLOBAL _SP1_DRAW_LOAD1NR
588   0000              	GLOBAL _SP1_DRAW_LOAD1
589   0000              	GLOBAL _SP1_DRAW_LOAD2RBIM
590   0000              	GLOBAL _SP1_DRAW_LOAD2LBIM
591   0000              	GLOBAL _SP1_DRAW_XOR2RB
592   0000              	GLOBAL _SP1_DRAW_XOR2LB
593   0000              	GLOBAL _SP1_DRAW_XOR2NR
594   0000              	GLOBAL _SP1_DRAW_XOR2
595   0000              	GLOBAL _SP1_DRAW_OR2RB
596   0000              	GLOBAL _SP1_DRAW_OR2LB
597   0000              	GLOBAL _SP1_DRAW_OR2NR
598   0000              	GLOBAL _SP1_DRAW_OR2
599   0000              	GLOBAL _SP1_DRAW_LOAD2RB
600   0000              	GLOBAL _SP1_DRAW_LOAD2LB
601   0000              	GLOBAL _SP1_DRAW_LOAD2NR
602   0000              	GLOBAL _SP1_DRAW_LOAD2
603   0000              	GLOBAL _SP1_DRAW_MASK2RB
604   0000              	GLOBAL _SP1_DRAW_MASK2LB
605   0000              	GLOBAL _SP1_DRAW_MASK2NR
606   0000              	GLOBAL _SP1_DRAW_MASK2
607   0000              	GLOBAL _zx_pattern_fill_callee
608   0000              	GLOBAL _zx_pattern_fill
609   0000              	GLOBAL _zx_saddrpup_fastcall
610   0000              	GLOBAL _zx_saddrpup
611   0000              	GLOBAL _zx_saddrpright_callee
612   0000              	GLOBAL _zx_saddrpright
613   0000              	GLOBAL _zx_saddrpleft_callee
614   0000              	GLOBAL _zx_saddrpleft
615   0000              	GLOBAL _zx_saddrpdown_fastcall
616   0000              	GLOBAL _zx_saddrpdown
617   0000              	GLOBAL _zx_saddrcup_fastcall
618   0000              	GLOBAL _zx_saddrcup
619   0000              	GLOBAL _zx_saddrcright_fastcall
620   0000              	GLOBAL _zx_saddrcright
621   0000              	GLOBAL _zx_saddrcleft_fastcall
622   0000              	GLOBAL _zx_saddrcleft
623   0000              	GLOBAL _zx_saddrcdown_fastcall
624   0000              	GLOBAL _zx_saddrcdown
625   0000              	GLOBAL _zx_saddr2py_fastcall
626   0000              	GLOBAL _zx_saddr2py
627   0000              	GLOBAL _zx_saddr2px_fastcall
628   0000              	GLOBAL _zx_saddr2px
629   0000              	GLOBAL _zx_saddr2cy_fastcall
630   0000              	GLOBAL _zx_saddr2cy
631   0000              	GLOBAL _zx_saddr2cx_fastcall
632   0000              	GLOBAL _zx_saddr2cx
633   0000              	GLOBAL _zx_saddr2aaddr_fastcall
634   0000              	GLOBAL _zx_saddr2aaddr
635   0000              	GLOBAL _zx_py2saddr_fastcall
636   0000              	GLOBAL _zx_py2saddr
637   0000              	GLOBAL _zx_py2aaddr_fastcall
638   0000              	GLOBAL _zx_py2aaddr
639   0000              	GLOBAL _zx_pxy2saddr_callee
640   0000              	GLOBAL _zx_pxy2saddr
641   0000              	GLOBAL _zx_pxy2aaddr_callee
642   0000              	GLOBAL _zx_pxy2aaddr
643   0000              	GLOBAL _zx_px2bitmask_fastcall
644   0000              	GLOBAL _zx_px2bitmask
645   0000              	GLOBAL _zx_cy2saddr_fastcall
646   0000              	GLOBAL _zx_cy2saddr
647   0000              	GLOBAL _zx_cy2aaddr_fastcall
648   0000              	GLOBAL _zx_cy2aaddr
649   0000              	GLOBAL _zx_cxy2saddr_callee
650   0000              	GLOBAL _zx_cxy2saddr
651   0000              	GLOBAL _zx_cxy2aaddr_callee
652   0000              	GLOBAL _zx_cxy2aaddr
653   0000              	GLOBAL _zx_bitmask2px_fastcall
654   0000              	GLOBAL _zx_bitmask2px
655   0000              	GLOBAL _zx_aaddrcup_fastcall
656   0000              	GLOBAL _zx_aaddrcup
657   0000              	GLOBAL _zx_aaddrcright_fastcall
658   0000              	GLOBAL _zx_aaddrcright
659   0000              	GLOBAL _zx_aaddrcleft_fastcall
660   0000              	GLOBAL _zx_aaddrcleft
661   0000              	GLOBAL _zx_aaddrcdown_fastcall
662   0000              	GLOBAL _zx_aaddrcdown
663   0000              	GLOBAL _zx_aaddr2saddr_fastcall
664   0000              	GLOBAL _zx_aaddr2saddr
665   0000              	GLOBAL _zx_aaddr2py_fastcall
666   0000              	GLOBAL _zx_aaddr2py
667   0000              	GLOBAL _zx_aaddr2px_fastcall
668   0000              	GLOBAL _zx_aaddr2px
669   0000              	GLOBAL _zx_aaddr2cy_fastcall
670   0000              	GLOBAL _zx_aaddr2cy
671   0000              	GLOBAL _zx_aaddr2cx_fastcall
672   0000              	GLOBAL _zx_aaddr2cx
673   0000              	GLOBAL _zx_visit_wc_pix_callee
674   0000              	GLOBAL _zx_visit_wc_pix
675   0000              	GLOBAL _zx_visit_wc_attr_callee
676   0000              	GLOBAL _zx_visit_wc_attr
677   0000              	GLOBAL _zx_scroll_wc_up_pix_callee
678   0000              	GLOBAL _zx_scroll_wc_up_pix
679   0000              	GLOBAL _zx_scroll_wc_up_attr_callee
680   0000              	GLOBAL _zx_scroll_wc_up_attr
681   0000              	GLOBAL _zx_scroll_wc_up_callee
682   0000              	GLOBAL _zx_scroll_wc_up
683   0000              	GLOBAL _zx_scroll_up_pix_callee
684   0000              	GLOBAL _zx_scroll_up_pix
685   0000              	GLOBAL _zx_scroll_up_attr_callee
686   0000              	GLOBAL _zx_scroll_up_attr
687   0000              	GLOBAL _zx_scroll_up_callee
688   0000              	GLOBAL _zx_scroll_up
689   0000              	GLOBAL _zx_cls_wc_pix_callee
690   0000              	GLOBAL _zx_cls_wc_pix
691   0000              	GLOBAL _zx_cls_wc_attr_callee
692   0000              	GLOBAL _zx_cls_wc_attr
693   0000              	GLOBAL _zx_cls_wc_callee
694   0000              	GLOBAL _zx_cls_wc
695   0000              	GLOBAL _zx_cls_pix_fastcall
696   0000              	GLOBAL _zx_cls_pix
697   0000              	GLOBAL _zx_cls_attr_fastcall
698   0000              	GLOBAL _zx_cls_attr
699   0000              	GLOBAL _zx_cls_fastcall
700   0000              	GLOBAL _zx_cls
701   0000              	GLOBAL _zx_border_fastcall
702   0000              	GLOBAL _zx_border
703   0000              	GLOBAL _zx_tape_verify_block_callee
704   0000              	GLOBAL _zx_tape_verify_block
705   0000              	GLOBAL _zx_tape_save_block_callee
706   0000              	GLOBAL _zx_tape_save_block
707   0000              	GLOBAL _zx_tape_load_block_callee
708   0000              	GLOBAL _zx_tape_load_block
709   0000              	GLOBAL _ulltoa_callee
710   0000              	GLOBAL _ulltoa
711   0000              	GLOBAL _strtoull_callee
712   0000              	GLOBAL _strtoull
713   0000              	GLOBAL _strtoll_callee
714   0000              	GLOBAL _strtoll
715   0000              	GLOBAL _lltoa_callee
716   0000              	GLOBAL _lltoa
717   0000              	GLOBAL _llabs_callee
718   0000              	GLOBAL _llabs
719   0000              	GLOBAL __lldivu__callee
720   0000              	GLOBAL __lldivu_
721   0000              	GLOBAL __lldiv__callee
722   0000              	GLOBAL __lldiv_
723   0000              	GLOBAL _atoll_callee
724   0000              	GLOBAL _atoll
725   0000              	GLOBAL _realloc_unlocked_callee
726   0000              	GLOBAL _realloc_unlocked
727   0000              	GLOBAL _malloc_unlocked_fastcall
728   0000              	GLOBAL _malloc_unlocked
729   0000              	GLOBAL _free_unlocked_fastcall
730   0000              	GLOBAL _free_unlocked
731   0000              	GLOBAL _calloc_unlocked_callee
732   0000              	GLOBAL _calloc_unlocked
733   0000              	GLOBAL _aligned_alloc_unlocked_callee
734   0000              	GLOBAL _aligned_alloc_unlocked
735   0000              	GLOBAL _realloc_callee
736   0000              	GLOBAL _realloc
737   0000              	GLOBAL _malloc_fastcall
738   0000              	GLOBAL _malloc
739   0000              	GLOBAL _free_fastcall
740   0000              	GLOBAL _free
741   0000              	GLOBAL _calloc_callee
742   0000              	GLOBAL _calloc
743   0000              	GLOBAL _aligned_alloc_callee
744   0000              	GLOBAL _aligned_alloc
745   0000              	GLOBAL _utoa_callee
746   0000              	GLOBAL _utoa
747   0000              	GLOBAL _ultoa_callee
748   0000              	GLOBAL _ultoa
749   0000              	GLOBAL _system_fastcall
750   0000              	GLOBAL _system
751   0000              	GLOBAL _strtoul_callee
752   0000              	GLOBAL _strtoul
753   0000              	GLOBAL _strtol_callee
754   0000              	GLOBAL _strtol
755   0000              	GLOBAL _strtof_callee
756   0000              	GLOBAL _strtof
757   0000              	GLOBAL _strtod_callee
758   0000              	GLOBAL _strtod
759   0000              	GLOBAL _srand_fastcall
760   0000              	GLOBAL _srand
761   0000              	GLOBAL _rand
762   0000              	GLOBAL _quick_exit_fastcall
763   0000              	GLOBAL _quick_exit
764   0000              	GLOBAL _qsort_callee
765   0000              	GLOBAL _qsort
766   0000              	GLOBAL _ltoa_callee
767   0000              	GLOBAL _ltoa
768   0000              	GLOBAL _labs_fastcall
769   0000              	GLOBAL _labs
770   0000              	GLOBAL _itoa_callee
771   0000              	GLOBAL _itoa
772   0000              	GLOBAL _ftoh_callee
773   0000              	GLOBAL _ftoh
774   0000              	GLOBAL _ftog_callee
775   0000              	GLOBAL _ftog
776   0000              	GLOBAL _ftoe_callee
777   0000              	GLOBAL _ftoe
778   0000              	GLOBAL _ftoa_callee
779   0000              	GLOBAL _ftoa
780   0000              	GLOBAL _exit_fastcall
781   0000              	GLOBAL _exit
782   0000              	GLOBAL _dtoh_callee
783   0000              	GLOBAL _dtoh
784   0000              	GLOBAL _dtog_callee
785   0000              	GLOBAL _dtog
786   0000              	GLOBAL _dtoe_callee
787   0000              	GLOBAL _dtoe
788   0000              	GLOBAL _dtoa_callee
789   0000              	GLOBAL _dtoa
790   0000              	GLOBAL _bsearch_callee
791   0000              	GLOBAL _bsearch
792   0000              	GLOBAL _atol_fastcall
793   0000              	GLOBAL _atol
794   0000              	GLOBAL _atoi_fastcall
795   0000              	GLOBAL _atoi
796   0000              	GLOBAL _atof_fastcall
797   0000              	GLOBAL _atof
798   0000              	GLOBAL _atexit_fastcall
799   0000              	GLOBAL _atexit
800   0000              	GLOBAL _at_quick_exit_fastcall
801   0000              	GLOBAL _at_quick_exit
802   0000              	GLOBAL _abs_fastcall
803   0000              	GLOBAL _abs
804   0000              	GLOBAL _abort
805   0000              	GLOBAL __strtou__callee
806   0000              	GLOBAL __strtou_
807   0000              	GLOBAL __strtoi__callee
808   0000              	GLOBAL __strtoi_
809   0000              	GLOBAL __random_uniform_xor_8__fastcall
810   0000              	GLOBAL __random_uniform_xor_8_
811   0000              	GLOBAL __random_uniform_xor_32__fastcall
812   0000              	GLOBAL __random_uniform_xor_32_
813   0000              	GLOBAL __random_uniform_cmwc_8__fastcall
814   0000              	GLOBAL __random_uniform_cmwc_8_
815   0000              	GLOBAL __shellsort__callee
816   0000              	GLOBAL __shellsort_
817   0000              	GLOBAL __quicksort__callee
818   0000              	GLOBAL __quicksort_
819   0000              	GLOBAL __insertion_sort__callee
820   0000              	GLOBAL __insertion_sort_
821   0000              	GLOBAL __ldivu__callee
822   0000              	GLOBAL __ldivu_
823   0000              	GLOBAL __ldiv__callee
824   0000              	GLOBAL __ldiv_
825   0000              	GLOBAL __divu__callee
826   0000              	GLOBAL __divu_
827   0000              	GLOBAL __div__callee
828   0000              	GLOBAL __div_
829   0000              	GLOBAL _in_mouse_kempston_wheel_delta
830   0000              	GLOBAL _in_mouse_kempston_wheel
831   0000              	GLOBAL _in_mouse_kempston_callee
832   0000              	GLOBAL _in_mouse_kempston
833   0000              	GLOBAL _in_mouse_kempston_setpos_callee
834   0000              	GLOBAL _in_mouse_kempston_setpos
835   0000              	GLOBAL _in_mouse_kempston_reset
836   0000              	GLOBAL _in_mouse_kempston_init
837   0000              	GLOBAL _in_mouse_amx_wheel_delta
838   0000              	GLOBAL _in_mouse_amx_wheel
839   0000              	GLOBAL _in_mouse_amx_callee
840   0000              	GLOBAL _in_mouse_amx
841   0000              	GLOBAL _in_mouse_amx_setpos_callee
842   0000              	GLOBAL _in_mouse_amx_setpos
843   0000              	GLOBAL _in_mouse_amx_reset
844   0000              	GLOBAL _in_mouse_amx_init_callee
845   0000              	GLOBAL _in_mouse_amx_init
846   0000              	GLOBAL _in_stick_sinclair2
847   0000              	GLOBAL _in_stick_sinclair1
848   0000              	GLOBAL _in_stick_kempston
849   0000              	GLOBAL _in_stick_fuller
850   0000              	GLOBAL _in_stick_cursor
851   0000              	GLOBAL _in_stick_keyboard_fastcall
852   0000              	GLOBAL _in_stick_keyboard
853   0000              	GLOBAL _in_wait_nokey
854   0000              	GLOBAL _in_wait_key
855   0000              	GLOBAL _in_test_key
856   0000              	GLOBAL _in_pause_fastcall
857   0000              	GLOBAL _in_pause
858   0000              	GLOBAL _in_key_scancode_fastcall
859   0000              	GLOBAL _in_key_scancode
860   0000              	GLOBAL _in_key_pressed_fastcall
861   0000              	GLOBAL _in_key_pressed
862   0000              	GLOBAL _in_inkey
863   0000              	GLOBAL _sp1_struct_ss_prototype
864   0000              	GLOBAL _sp1_struct_cs_prototype
865   0000              	GLOBAL _GLOBAL_ZX_PORT_7FFD
866   0000              	GLOBAL _GLOBAL_ZX_PORT_1FFD
867   0000              	GLOBAL _GLOBAL_ZX_PORT_FE
868   0000              ;--------------------------------------------------------
869   0000              ; special function registers
870   0000              ;--------------------------------------------------------
871   0000              defc _IO_FE	=	0x00fe
872   0000              defc _IO_1FFD	=	0x1ffd
873   0000              defc _IO_7FFD	=	0x7ffd
874   0000              ;--------------------------------------------------------
875   0000              ; ram data
876   0000              ;--------------------------------------------------------
877   0000              	SECTION bss_compiler
878   0000              ;--------------------------------------------------------
879   0000              ; ram data
880   0000              ;--------------------------------------------------------
881   0000              
882   0000              IF 0
883   0000              
884   0000              ; .area _INITIALIZED removed by z88dk
885   0000              
886   0000              _playerCoords:
887   0000              	DEFS 4
888   0000              
889   0000              ENDIF
890   0000              
891   0000              ;--------------------------------------------------------
892   0000              ; absolute external ram data
893   0000              ;--------------------------------------------------------
894   0000              	SECTION IGNORE
895   0000              ;--------------------------------------------------------
896   0000              ; global & static initialisations
897   0000              ;--------------------------------------------------------
898   0000              	SECTION code_crt_init
899   0000              ;--------------------------------------------------------
900   0000              ; Home
901   0000              ;--------------------------------------------------------
902   0000              	SECTION IGNORE
903   0000              ;--------------------------------------------------------
904   0000              ; code
905   0000              ;--------------------------------------------------------
906   0000              	SECTION code_compiler
907   0000              ;	---------------------------------
908   0000              ; Function getPlayerCoords
909   0000              ; ---------------------------------
910   0000              _getPlayerCoords:
911   0000  21 00 00    	ld	hl,_playerCoords
912   0003  C9          	ret
913   0004              	SECTION rodata_compiler
914   0000              _dotTile:
915   0000  00          	DEFB +0x00
916   0001  00          	DEFB +0x00
917   0002  3C          	DEFB +0x3c
918   0003  3C          	DEFB +0x3c
919   0004  3C          	DEFB +0x3c
920   0005  3C          	DEFB +0x3c
921   0006  00          	DEFB +0x00
922   0007  00          	DEFB +0x00
923   0008              _emptyTile:
924   0008  FE          	DEFB +0xfe
925   0009  FF          	DEFB +0xff
926   000A  FF          	DEFB +0xff
927   000B  FF          	DEFB +0xff
928   000C  EF          	DEFB +0xef
929   000D  FF          	DEFB +0xff
930   000E  FF          	DEFB +0xff
931   000F  FF          	DEFB +0xff
932   0010              _wallTile:
933   0010  00          	DEFB +0x00
934   0011  DF          	DEFB +0xdf
935   0012  8A          	DEFB +0x8a
936   0013  55          	DEFB +0x55
937   0014  00          	DEFB +0x00
938   0015  FB          	DEFB +0xfb
939   0016  51          	DEFB +0x51
940   0017  AA          	DEFB +0xaa
941   0018              	SECTION code_compiler
942   0004              ;	---------------------------------
943   0004              ; Function drawScene
944   0004              ; ---------------------------------
945   0004              _drawScene:
946   0004  CD 00 00    	call	___sdcc_enter_ix
947   0007  F5          	push	af
948   0008  F5          	push	af
949   0009  F5          	push	af
950   000A  AF          	xor	a, a
951   000B  DD 77 FC    	ld	(ix-4),a
952   000E  DD 77 FD    	ld	(ix-3),a
953   0011              l_drawScene_00112:
954   0011  DD 7E FC    	ld	a,(ix-4)
955   0014  D6 18       	sub	a,0x18
956   0016  DD 7E FD    	ld	a,(ix-3)
957   0019  17          	rla
958   001A  3F          	ccf
959   001B  1F          	rra
960   001C  DE 80       	sbc	a,0x80
961   001E  D2 DE 00    	jp	NC, l_drawScene_00114
962   0021  DD 7E FC    	ld	a,(ix-4)
963   0024  DD 77 FA    	ld	(ix-6),a
964   0027  DD 7E FD    	ld	a,(ix-3)
965   002A  DD 77 FB    	ld	(ix-5),a
966   002D  06 05       	ld	b,0x05
967   002F              l_drawScene_00153:
968   002F  DD CB FA 26 	sla	(ix-6)
969   0033  DD CB FB 16 	rl	(ix-5)
970   0037  10 F6       	djnz	l_drawScene_00153
971   0039  AF          	xor	a, a
972   003A  DD 77 FE    	ld	(ix-2),a
973   003D  DD 77 FF    	ld	(ix-1),a
974   0040              l_drawScene_00109:
975   0040  DD 7E FE    	ld	a,(ix-2)
976   0043  D6 20       	sub	a,0x20
977   0045  DD 7E FF    	ld	a,(ix-1)
978   0048  17          	rla
979   0049  3F          	ccf
980   004A  1F          	rra
981   004B  DE 80       	sbc	a,0x80
982   004D  D2 D2 00    	jp	NC, l_drawScene_00113
983   0050  DD 7E FA    	ld	a,(ix-6)
984   0053  DD 86 FE    	add	a,(ix-2)
985   0056  4F          	ld	c, a
986   0057  DD 7E FB    	ld	a,(ix-5)
987   005A  DD 8E FF    	adc	a,(ix-1)
988   005D  47          	ld	b, a
989   005E  79          	ld	a, c
990   005F  DD 86 04    	add	a,(ix+4)
991   0062  4F          	ld	c, a
992   0063  78          	ld	a, b
993   0064  DD 8E 05    	adc	a,(ix+5)
994   0067  47          	ld	b, a
995   0068  0A          	ld	a, (bc)
996   0069  FE 23       	cp	a,0x23
997   006B  28 0A       	jr	Z,l_drawScene_00101
998   006D  FE 2A       	cp	a,0x2a
999   006F  28 19       	jr	Z,l_drawScene_00102
1000  0071  D6 50       	sub	a,0x50
1001  0073  28 28       	jr	Z,l_drawScene_00103
1002  0075  18 3E       	jr	l_drawScene_00104
1003  0077              l_drawScene_00101:
1004  0077  21 10 00    	ld	hl,_wallTile
1005  007A  E5          	push	hl
1006  007B  21 0D 00    	ld	hl,0x000d
1007  007E  E5          	push	hl
1008  007F  21 FC FF    	ld	hl,-4
1009  0082  CD 00 00    	call	____sdcc_4_push_hlix
1010  0085  CD 00 00    	call	_sp1_PrintAt_callee
1011  0088  18 3C       	jr	l_drawScene_00110
1012  008A              l_drawScene_00102:
1013  008A  21 00 00    	ld	hl,_dotTile
1014  008D  E5          	push	hl
1015  008E  21 46 00    	ld	hl,0x0046
1016  0091  E5          	push	hl
1017  0092  21 FC FF    	ld	hl,-4
1018  0095  CD 00 00    	call	____sdcc_4_push_hlix
1019  0098  CD 00 00    	call	_sp1_PrintAt_callee
1020  009B  18 29       	jr	l_drawScene_00110
1021  009D              l_drawScene_00103:
1022  009D  21 00 00    	ld	hl,_playerCoords
1023  00A0  DD 7E FE    	ld	a,(ix-2)
1024  00A3  77          	ld	(hl), a
1025  00A4  23          	inc	hl
1026  00A5  DD 7E FF    	ld	a,(ix-1)
1027  00A8  77          	ld	(hl), a
1028  00A9  21 02 00    	ld	hl, +(_playerCoords + 0x0002)
1029  00AC  DD 7E FC    	ld	a,(ix-4)
1030  00AF  77          	ld	(hl), a
1031  00B0  23          	inc	hl
1032  00B1  DD 7E FD    	ld	a,(ix-3)
1033  00B4  77          	ld	(hl), a
1034  00B5              l_drawScene_00104:
1035  00B5  21 08 00    	ld	hl,_emptyTile
1036  00B8  E5          	push	hl
1037  00B9  21 38 00    	ld	hl,0x0038
1038  00BC  E5          	push	hl
1039  00BD  21 FC FF    	ld	hl,-4
1040  00C0  CD 00 00    	call	____sdcc_4_push_hlix
1041  00C3  CD 00 00    	call	_sp1_PrintAt_callee
1042  00C6              l_drawScene_00110:
1043  00C6  DD 34 FE    	inc	(ix-2)
1044  00C9  C2 40 00    	jp	NZ,l_drawScene_00109
1045  00CC  DD 34 FF    	inc	(ix-1)
1046  00CF  C3 40 00    	jp	l_drawScene_00109
1047  00D2              l_drawScene_00113:
1048  00D2  DD 34 FC    	inc	(ix-4)
1049  00D5  C2 11 00    	jp	NZ,l_drawScene_00112
1050  00D8  DD 34 FD    	inc	(ix-3)
1051  00DB  C3 11 00    	jp	l_drawScene_00112
1052  00DE              l_drawScene_00114:
1053  00DE  DD F9       	ld	sp, ix
1054  00E0  DD E1       	pop	ix
1055  00E2  C9          	ret
1056  00E3              	SECTION code_compiler
1057  00E3              ;	---------------------------------
1058  00E3              ; Function isTileWalkable
1059  00E3              ; ---------------------------------
1060  00E3              _isTileWalkable:
1061  00E3  CD 00 00    	call	___sdcc_enter_ix
1062  00E6  DD 6E 08    	ld	l,(ix+8)
1063  00E9  DD 66 09    	ld	h,(ix+9)
1064  00EC  29          	add	hl, hl
1065  00ED  29          	add	hl, hl
1066  00EE  29          	add	hl, hl
1067  00EF  29          	add	hl, hl
1068  00F0  29          	add	hl, hl
1069  00F1  5D          	ld	e, l
1070  00F2  54          	ld	d, h
1071  00F3  7B          	ld	a, e
1072  00F4  DD 86 06    	add	a,(ix+6)
1073  00F7  4F          	ld	c, a
1074  00F8  7A          	ld	a, d
1075  00F9  DD 8E 07    	adc	a,(ix+7)
1076  00FC  47          	ld	b, a
1077  00FD  79          	ld	a, c
1078  00FE  DD 86 04    	add	a,(ix+4)
1079  0101  4F          	ld	c, a
1080  0102  78          	ld	a, b
1081  0103  DD 8E 05    	adc	a,(ix+5)
1082  0106  47          	ld	b, a
1083  0107  0A          	ld	a, (bc)
1084  0108  FE 23       	cp	a,0x23
1085  010A  28 06       	jr	Z,l_isTileWalkable_00101
1086  010C  D6 2A       	sub	a,0x2a
1087  010E  28 06       	jr	Z,l_isTileWalkable_00102
1088  0110  18 24       	jr	l_isTileWalkable_00103
1089  0112              l_isTileWalkable_00101:
1090  0112  2E 00       	ld	l,0x00
1091  0114  18 22       	jr	l_isTileWalkable_00105
1092  0116              l_isTileWalkable_00102:
1093  0116  21 08 00    	ld	hl,_emptyTile
1094  0119  E5          	push	hl
1095  011A  21 38 00    	ld	hl,0x0038
1096  011D  E5          	push	hl
1097  011E  DD 6E 06    	ld	l,(ix+6)
1098  0121  DD 66 07    	ld	h,(ix+7)
1099  0124  E5          	push	hl
1100  0125  DD 6E 08    	ld	l,(ix+8)
1101  0128  DD 66 09    	ld	h,(ix+9)
1102  012B  E5          	push	hl
1103  012C  CD 00 00    	call	_sp1_PrintAt_callee
1104  012F  11 00 00    	ld	de,_bfx_7
1105  0132  EB          	ex	de, hl
1106  0133  CD 00 00    	call	_bit_beepfx_fastcall
1107  0136              l_isTileWalkable_00103:
1108  0136  2E 01       	ld	l,0x01
1109  0138              l_isTileWalkable_00105:
1110  0138  DD E1       	pop	ix
1111  013A  C9          	ret
1112  013B              	SECTION data_compiler
1113  0000              _playerCoords:
1114  0000  10 00       	DEFW +0x0010
1115  0002  0C 00       	DEFW +0x000c
1116  0004              	SECTION IGNORE
1117  0000              
